Log file open, 06/05/15 18:49:01
LogInit:Display: Running engine for game: TutorialCode
LogInit:Warning: Incompatible or missing module: UE4Editor-TutorialCode-Win64-DebugGame.dll
Running C:/Program Files/Epic Games/4.7/Engine/Binaries/DotNET/UnrealBuildTool.exe TutorialCode DebugGame Win64 -project="C:/TutorialProject/TutorialCode/TutorialCode.uproject" -rocket -editorrecompile -progress
Deleting old hot reload file: "C:\TutorialProject\TutorialCode\Binaries\Win64\UE4Editor-TutorialCode-1818-Win64-DebugGame.dll".
Unable to delete old hot reload file: "C:\TutorialProject\TutorialCode\Binaries\Win64\UE4Editor-TutorialCode-1818-Win64-DebugGame.dll". Error: C:\TutorialProject\TutorialCode\Binaries\Win64\UE4Editor-TutorialCode-1818-Win64-DebugGame.dll
Deleting old hot reload file: "C:\TutorialProject\TutorialCode\Binaries\Win64\UE4Editor-TutorialCode-1818-Win64-DebugGame.pdb".
Performing 1 actions (4 in parallel)
[1/1] Link UE4Editor-TutorialCode-Win64-DebugGame.dll
   Creating library C:\TutorialProject\TutorialCode\Intermediate\Build\Win64\TutorialCodeEditor\DebugGame\UE4Editor-TutorialCode-Win64-DebugGame.lib and object C:\TutorialProject\TutorialCode\Intermediate\Build\Win64\TutorialCodeEditor\DebugGame\UE4Editor-TutorialCode-Win64-DebugGame.exp
-------- End Detailed Actions Stats -----------------------------------------------------------
Cumulative action seconds (8 processors): 0.00 building projects, 0.00 compiling, 0.00 creating app bundles, 0.00 generating debug info, 0.43 linking, 0.00 other
UBT execution time: 6.89 seconds
LogInit: Version: 4.7.6-2513093+++depot+UE4-Releases+4.7
LogInit: API Version: 2455222
LogInit: Compiled (64-bit): Apr 15 2015 12:09:54
LogInit: Compiled with Visual C++: 18.00.21005.01
LogInit: Build Configuration: DebugGame
LogInit: Branch Name: ++depot+UE4-Releases+4.7
LogInit: Command line:  -debug
LogInit: Base directory: C:/Program Files/Epic Games/4.7/Engine/Binaries/Win64/
LogInit: Rocket: 1
[2015.06.06-01.49.41:510][  0]LogTaskGraph: Started task graph with 3 named threads and 6 total threads.
[2015.06.06-01.49.41:568][  0]LogOnline:Warning: No default platform service specified for OnlineSubsystem
[2015.06.06-01.49.42:035][  0]LogInit: Presizing for 0 objects not considered by GC, pre-allocating 0 bytes.
[2015.06.06-01.49.42:046][  0]LogInit: Object subsystem initialized
[2015.06.06-01.49.42:049][  0]LogConsoleResponse:Warning: Skipping Unknown console variable: 'TranslucentSortAxis = (X=0.000000,Y=-1.000000,Z=0.000000)'
[2015.06.06-01.49.42:050][  0]LogConsoleResponse:Warning:   Found in ini file 'C:/TutorialProject/TutorialCode/Saved/Config/Windows/Engine.ini', in section '[/Script/Engine.RendererSettings]'
[2015.06.06-01.49.42:050][  0]LogConsoleResponse:Warning: Skipping Unknown console variable: 'UIScaleRule = ShortestSide'
[2015.06.06-01.49.42:050][  0]LogConsoleResponse:Warning:   Found in ini file 'C:/TutorialProject/TutorialCode/Saved/Config/Windows/Engine.ini', in section '[/Script/Engine.RendererSettings]'
[2015.06.06-01.49.42:050][  0]LogConsoleResponse:Warning: Skipping Unknown console variable: 'UIScaleCurve = (EditorCurveData=(Keys=),ExternalCurve=None)'
[2015.06.06-01.49.42:051][  0]LogConsoleResponse:Warning:   Found in ini file 'C:/TutorialProject/TutorialCode/Saved/Config/Windows/Engine.ini', in section '[/Script/Engine.RendererSettings]'
[2015.06.06-01.49.42:051][  0]LogInit: Selected Device Profile: [Windows]
[2015.06.06-01.49.42:051][  0]LogInit: Applying CVar settings loaded from the selected device profile: [Windows]
[2015.06.06-01.49.42:060][  0]LogInit: Computer: THEBEAST
[2015.06.06-01.49.42:060][  0]LogInit: User: Jeff
[2015.06.06-01.49.42:061][  0]LogInit: CPU Page size=4096, Cores=4
[2015.06.06-01.49.42:061][  0]LogInit: High frequency timer resolution =2.241003 MHz
[2015.06.06-01.49.42:061][  0]LogMemory: Memory total: Physical=7.9GB (8GB approx) Virtual=131072.0GB
[2015.06.06-01.49.42:062][  0]LogMemory: Platform Memory Stats for Windows
[2015.06.06-01.49.42:062][  0]LogMemory: Process Physical Memory: 48.38 MB used, 48.38 MB peak
[2015.06.06-01.49.42:063][  0]LogMemory: Process Virtual Memory: 23.12 MB used, 23.12 MB peak
[2015.06.06-01.49.42:063][  0]LogMemory: Physical Memory: 4952.79 MB used, 8077.17 MB total
[2015.06.06-01.49.42:063][  0]LogMemory: Virtual Memory: 307.36 MB used, 134217728.00 MB total
[2015.06.06-01.49.42:642][  0]LogD3D11RHI: Found D3D11 adapter 0: Intel(R) HD Graphics 4000 (Feature Level 11_0)
[2015.06.06-01.49.42:643][  0]LogD3D11RHI: Adapter has 32MB of dedicated video memory, 0MB of dedicated system memory, and 1760MB of shared system memory, 1 output[s]
[2015.06.06-01.49.42:694][  0]LogD3D11RHI: Found D3D11 adapter 1: NVIDIA GeForce GT 640M LE (Feature Level 11_0)
[2015.06.06-01.49.42:695][  0]LogD3D11RHI: Adapter has 965MB of dedicated video memory, 0MB of dedicated system memory, and 3072MB of shared system memory, 0 output[s]
[2015.06.06-01.49.42:783][  0]LogD3D11RHI: Found D3D11 adapter 2: Microsoft Basic Render Driver (Feature Level 11_0)
[2015.06.06-01.49.42:783][  0]LogD3D11RHI: Adapter has 0MB of dedicated video memory, 0MB of dedicated system memory, and 256MB of shared system memory, 0 output[s]
[2015.06.06-01.49.42:784][  0]LogD3D11RHI: Chosen D3D11 Adapter Id = 0
[2015.06.06-01.49.42:815][  0]LogRHI: Texture pool is 638 MB (70% of 912 MB)
[2015.06.06-01.49.42:857][  0]LogD3D11RHI: Async texture creation enabled
[2015.06.06-01.49.44:462][  0]LogTextLocalizationManager: The requested culture ('en_US') has no localization data; parent culture's ('en') localization data will be used.
[2015.06.06-01.49.44:527][  0]LogTextLocalizationManager:Warning: Loading localization resources contain conflicting entries for (Namespace:UICommands, Key:Save_ToolTip):
Resource: (C:/Program Files/Epic Games/4.7/Engine/Content/Localization/Editor/en/Editor.locres) Hash: (-29098895) String: (Saves the current level to disk)
Resource: (C:/Program Files/Epic Games/4.7/Engine/Content/Localization/Engine/en/Engine.locres) Hash: (-1280300587) String: (Save selected data to vlog file)
[2015.06.06-01.49.44:527][  0]LogTextLocalizationManager:Warning: Loading localization resources contain conflicting entries for (Namespace:ContentBrowser, Key:ImportAssetToolTip):
Resource: (C:/Program Files/Epic Games/4.7/Engine/Content/Localization/Editor/en/Editor.locres) Hash: (-630476809) String: (Import to {0}...)
Resource: (C:/Program Files/Epic Games/4.7/Engine/Content/Localization/Editor/en/Editor.locres) Hash: (1271782899) String: (Imports an asset from file to this folder.)
[2015.06.06-01.49.44:611][  0]LogContentStreaming: Texture pool size is 0.000000MB
[2015.06.06-01.49.52:035][  0]LogTargetPlatformManager:Display: Building Assets For Windows
[2015.06.06-01.49.55:420][  0]LogTargetPlatformManager:Display: Building Assets For Windows
[2015.06.06-01.49.55:739][  0]LogDerivedDataCache:Display: Max Cache Size: 512 MB
[2015.06.06-01.49.56:469][  0]LogDerivedDataCache: Loaded boot cache 0.73s 40MB C:/Users/Jeff/AppData/Local/UnrealEngine/4.7/DerivedDataCache/Boot.ddc.
[2015.06.06-01.49.56:470][  0]LogDerivedDataCache:Display: Loaded Boot cache: C:/Users/Jeff/AppData/Local/UnrealEngine/4.7/DerivedDataCache/Boot.ddc
[2015.06.06-01.49.56:471][  0]LogDerivedDataCache: FDerivedDataBackendGraph:  Pak pak cache file ../../../../../../TutorialProject/TutorialCode/DerivedDataCache/DDC.ddp not found, will not use a pak cache.
[2015.06.06-01.49.56:471][  0]LogDerivedDataCache: Unable to find inner node Pak for hierarchical cache Hierarchy.
[2015.06.06-01.49.56:598][  0]LogDerivedDataCache:Display: Pak cache opened for reading ../../../Engine/DerivedDataCache/Compressed.ddp.
[2015.06.06-01.49.56:611][  0]LogDerivedDataCache: Using Local data cache path C:/Users/Jeff/AppData/Local/UnrealEngine/Common/DerivedDataCache: Writable
[2015.06.06-01.49.57:491][  0]LogMeshUtilities: No automatic mesh reduction module available
[2015.06.06-01.49.57:492][  0]LogMeshUtilities: No automatic mesh merging module available
[2015.06.06-01.49.58:233][  0]LogInit: WinSock: version 1.1 (2.2), MaxSocks=32767, MaxUdp=65467
[2015.06.06-01.49.59:192][  0]LogSlate:Warning: Failed to load font data from '../../../Engine/Content/Slate/Fonts/Roboto-Italic.ttf'
[2015.06.06-01.50.27:473][  0]UdpMessaging: Initializing bridge on interface 0.0.0.0:0 to multicast group 230.0.0.1:6666.
[2015.06.06-01.50.27:669][  0]LogLinker:Warning: Asset '../../../Engine/Content/EngineMeshes/Humanoid.uasset' has been saved with empty engine version. The asset will be loaded but may be incompatible.
[2015.06.06-01.50.29:386][  0]SourceControl: Info Source control is disabled
[2015.06.06-01.50.29:387][  0]SourceControl: Info Source control is disabled
[2015.06.06-01.50.29:387][  0]SourceControl: Info Source control is disabled
[2015.06.06-01.50.29:388][  0]LogSourceControl: RunCommandInternalRaw: 'git version'
[2015.06.06-01.50.29:388][  0]LogSourceControl: RunCommandInternalRaw: ExecProcess ReturnCode=2 OutResults=''
[2015.06.06-01.50.29:399][  0]SourceControl: Info Source control is disabled
[2015.06.06-01.50.31:098][  0]LogObj: 27880 objects as part of root set at end of initial load.
[2015.06.06-01.50.31:099][  0]LogUObjectAllocator: 6407840 out of 0 bytes used by permanent object pool.
[2015.06.06-01.50.31:479][  0]LogEngine: Initializing Engine...
[2015.06.06-01.50.33:677][  0]LogInit: XAudio2 using 'Speakers (Cirrus Logic High Definition Audio)' : 2 channels at 48 kHz using 32 bits per sample (channel mask 0x3)
[2015.06.06-01.50.33:691][  0]LogInit: FAudioDevice initialized.
[2015.06.06-01.50.33:809][  0]LogAIModule: Creating AISystem for world NewWorld
[2015.06.06-01.50.33:836][  0]LogDerivedDataCache: Saved boot cache 0.02s 40MB C:/Users/Jeff/AppData/Local/UnrealEngine/4.7/DerivedDataCache/Boot.ddc.
[2015.06.06-01.50.33:841][  0]LogInit: Texture streaming: Enabled
[2015.06.06-01.50.34:042][  0]LogAnalytics: Creating configured Analytics provider AnalyticsET
[2015.06.06-01.50.34:043][  0]LogAnalytics: ET APIKey = Rocket.Release. APIServer = http://et2.epicgames.com/ET2/. AppVersion = 4.7.6-2513093+++depot+UE4-Releases+4.7
[2015.06.06-01.50.34:043][  0]LogAnalytics: ET APIKey = Rocket.Release. DataRouterUploadURL = https://datarouter-public-service-gamedev.ol.epicgames.net/datarouter/api/v1/public/data. AppVersion = 4.7.6-2513093+++depot+UE4-Releases+4.7
[2015.06.06-01.50.34:044][  0]LogAnalytics: SetUserId edd68f6b4a33d155654fc2beed465d2d|357909885bee4bc0a8554031fe1d9a1f|57c67e77-8efb-497e-ad04-6a3bdf108692
[2015.06.06-01.50.34:044][  0]LogAnalytics: AnalyticsET::StartSession [Rocket.Release]
[2015.06.06-01.50.34:133][  0]LogInit: Transaction tracking system initialized
[2015.06.06-01.50.36:359][  0]BlueprintLog: New page: Editor Load
[2015.06.06-01.50.36:571][  0]LogAssetRegistry: FAssetRegistry took 0.0116 seconds to start up
[2015.06.06-01.50.36:572][  0]LogDirectoryWatcher:Warning: Failed to begin reading directory changes for ../../../Engine/Plugins/Experimental/CharacterAI/Content/. Error: 0
[2015.06.06-01.50.39:587][  0]LogTargetPlatformManager:Display: Building Assets For Windows
[2015.06.06-01.50.40:240][  0]LogTargetPlatformManager:Display: Building Assets For Windows
[2015.06.06-01.50.42:467][  0]LogSlate:Warning: Failed to load font data from '../../../Engine/Content/Editor/Slate/Fonts/Roboto-Regular.ttf'
[2015.06.06-01.50.42:468][  0]LogSlate:Warning: Failed to load font data from '../../../Engine/Content/Editor/Slate/Fonts/Roboto-Bold.ttf'
[2015.06.06-01.50.42:587][  0]LogConsoleResponse:Display: 
[2015.06.06-01.50.42:793][  0]LogCook:Display: Done creating registry. It took  0.00s.
[2015.06.06-01.50.44:369][  0]SourceControl: Info Source control is disabled
[2015.06.06-01.50.44:370][  0]Cmd: MAP LOAD FILE="../../../../../../TutorialProject/TutorialCode/Content/ThirdPerson/Maps/ThirdPersonExampleMap.umap" TEMPLATE=0 SHOWPROGRESS=1 FEATURELEVEL=3
[2015.06.06-01.50.44:371][  0]LightingResults: New page: Lighting Build
[2015.06.06-01.50.44:384][  0]MapCheck: New page: Map Check
[2015.06.06-01.50.44:385][  0]LightingResults: New page: Lighting Build
[2015.06.06-01.50.44:400][  0]LogParticles: Destroying 0 GPU particle simulations for FXSystem 0x0000003589451F80
[2015.06.06-01.50.44:920][  0]LogEditorServer: Finished looking for orphan Actors (0.000 secs)
[2015.06.06-01.50.46:067][  0]LogAIModule: Creating AISystem for world ThirdPersonExampleMap
[2015.06.06-01.50.46:068][  0]Cmd: MAP CHECKDEP
[2015.06.06-01.50.46:069][  0]MapCheck: New page: ThirdPersonExampleMap - Jun 5, 2015, 11:50:46 AM
[2015.06.06-01.50.46:161][  0]MapCheck: Info Map check complete: 0 Error(s), 0 Warning(s), took 92.144ms to complete.
[2015.06.06-01.50.46:162][  0]LogFileHelpers: Loading map 'ThirdPersonExampleMap' took 1.792
[2015.06.06-01.50.46:462][  0]LogCollectionManager: Loaded 0 collections in 0.002145 seconds
[2015.06.06-01.50.46:479][  0]LogContentBrowser: Native class hierarchy populated in 0.0165 seconds. Added 1698 classes and 263 folders.
[2015.06.06-01.50.46:676][  0]LogContentBrowser: Native class hierarchy updated for 'SceneOutliner' in 0.0061 seconds. Added 1 classes and 2 folders.
[2015.06.06-01.50.46:902][  0]LogCrashTracker: Crashtracker disabled due to settings.
[2015.06.06-01.50.46:904][  0]LogSlate:Warning: Failed to load font data from 'Veranda'
[2015.06.06-01.50.46:917][  0]LogUObjectGlobals:Warning: Failed to find object 'Class None.'
[2015.06.06-01.50.46:962][  0]LogLoad: Full Startup: 112.43 seconds (BP compile: 0.15 seconds)
[2015.06.06-01.50.47:000][  0]LogContentBrowser:Verbose: The content browser source was changed by the sources view to '/Game/ThirdPerson'
[2015.06.06-01.50.47:206][  0]LogRenderer:Warning: Reallocating scene render targets to support 1208x576 (Frame:2).
[2015.06.06-01.50.48:236][  5]LogAssetRegistry: Asset discovery search completed in 11.6772 seconds
[2015.06.06-01.54.00:370][963]LogEditorViewport: Clicking on Actor (LMB): StaticMeshActor (Floor)
[2015.06.06-01.54.04:465][976]LogPlayLevel: PIE:  No blueprints needed recompiling
[2015.06.06-01.54.04:550][976]PIE: New page: PIE session: ThirdPersonExampleMap (Jun 5, 2015, 11:54:04 AM)
[2015.06.06-01.54.04:724][976]LogPlayLevel: PIE: StaticDuplicateObject took: (0.173615s)
[2015.06.06-01.54.04:726][976]LogPlayLevel: PIE: World Init took: (0.000663s)
[2015.06.06-01.54.04:741][976]LogPlayLevel: PIE: Created PIE world by copying editor world from /Game/ThirdPerson/Maps/ThirdPersonExampleMap.ThirdPersonExampleMap to /Game/ThirdPerson/Maps/UEDPIE_0_ThirdPersonExampleMap.ThirdPersonExampleMap (0.190525s)
[2015.06.06-01.54.05:015][976]LogWorld: Game class is 'TutorialCodeGameMode'
[2015.06.06-01.54.05:529][976]LogAIModule: Creating AISystem for world ThirdPersonExampleMap
[2015.06.06-01.54.05:536][976]LogWorld: Bringing World /Game/ThirdPerson/Maps/UEDPIE_0_ThirdPersonExampleMap.ThirdPersonExampleMap up for play (max tick rate 0) at 2015.06.05-18.54.05
[2015.06.06-01.54.05:596][976]LogWorld: Bringing up level for play took: 0.066304
[2015.06.06-01.54.06:045][976]PIE: Info Play in editor start time for /Game/ThirdPerson/Maps/UEDPIE_0_ThirdPersonExampleMap 0.624
[2015.06.06-01.54.39:465][591]LogParticles: Destroying 0 GPU particle simulations for FXSystem 0x00000035F5D114E0
[2015.06.06-01.56.19:198][712]LogContentBrowser:Verbose: The content browser source was changed by the sources view to '/Game/ThirdPerson/Meshes'
[2015.06.06-01.56.30:483][ 37]LogContentBrowser:Verbose: The content browser source was changed by the sources view to '/Game/StarterContent/Materials'
[2015.06.06-01.56.32:950][109]LogTexture:Display: Building textures: T_Brick_Clay_New_D (AutoDXT)
[2015.06.06-01.56.39:063][109]LogTexture:Display: Building textures: T_Brick_Clay_New_M (AutoDXT)
[2015.06.06-01.56.45:456][109]LogTexture:Display: Building textures: T_Brick_Clay_New_N (BC5)
[2015.06.06-01.56.46:312][109]LogTexture:Display: Building textures: T_Detail_Rocky_N (BC5)
[2015.06.06-01.56.46:610][109]LogMaterial: Missing cached shader map for material M_Brick_Clay_New, compiling. 
[2015.06.06-01.56.54:203][142]LogTexture:Display: Building textures: T_Rock_Basalt_D (AutoDXT)
[2015.06.06-01.57.00:482][142]LogTexture:Display: Building textures: T_Rock_Basalt_N (BC5)
[2015.06.06-01.57.01:563][142]LogTexture:Display: Building textures: T_Perlin_Noise_M (AutoDXT)
[2015.06.06-01.57.07:765][142]LogMaterial: Missing cached shader map for material M_Rock_Basalt, compiling. 
[2015.06.06-01.57.21:232][183]LogEditorViewport: Clicking on Actor (LMB): TextRenderActor (TemplateLabel)
[2015.06.06-01.57.23:432][270]Cmd: DELETE
[2015.06.06-01.57.23:433][270]Cmd: ACTOR DELETE
[2015.06.06-01.57.23:652][270]LogEditorActor: Deleted Actor: TextRenderActor
[2015.06.06-01.57.23:683][270]LogActorComponent: UnregisterComponent: (/Engine/Transient.CharMoveComp) Not registered. Aborting.
[2015.06.06-01.57.23:700][270]LogEditorActor: Deleted 1 Actors (0.087 secs)
[2015.06.06-01.57.25:153][337]LogEditorViewport: Clicking on Actor (LMB): StaticMeshActor (Wall4)
[2015.06.06-01.57.27:957][432]LogMaterial: Missing cached shader map for material M_Rock_Basalt, compiling. 
[2015.06.06-01.57.28:084][432]LogActorComponent: UnregisterComponent: (/Engine/Transient.SkeletalMeshComponent_0) Not registered. Aborting.
[2015.06.06-01.57.28:627][432]LogActorComponent: UnregisterComponent: (/Engine/Transient.SkeletalMeshComponent_0) Not registered. Aborting.
[2015.06.06-01.57.28:639][432]LogActorComponent: RegisterComponentWithWorld: (/Engine/Transient.MaterialEditorMeshComponent_0) Already registered. Aborting.
[2015.06.06-01.57.28:680][432]LogMaterial: Missing cached shader map for material M_Rock_Basalt, compiling. 
[2015.06.06-01.57.28:689][432]LogMaterial: 0.000099 seconds spent updating 1 materials, 1 interfaces, 0 instances, 0 with static permutations.
[2015.06.06-01.57.28:716][432]LogMaterial: Missing cached shader map for material FMatExpressionPreview MaterialExpressionTextureSample_6, compiling. 
[2015.06.06-01.57.28:720][432]LogMaterial: Missing cached shader map for material FMatExpressionPreview MaterialExpressionTextureSample_7, compiling. 
[2015.06.06-01.57.28:724][432]LogMaterial: Missing cached shader map for material FMatExpressionPreview MaterialExpressionTextureSample_8, compiling. 
[2015.06.06-01.57.28:729][432]LogMaterial: Missing cached shader map for material FMatExpressionPreview MaterialExpressionConstant3Vector_6, compiling. 
[2015.06.06-01.57.28:733][432]LogMaterial: Missing cached shader map for material FMatExpressionPreview MaterialExpressionTextureSample_41, compiling. 
[2015.06.06-01.57.28:737][432]LogMaterial: Missing cached shader map for material FMatExpressionPreview MaterialExpressionTextureSample_42, compiling. 
[2015.06.06-01.57.28:742][432]LogMaterial: Missing cached shader map for material FMatExpressionPreview MaterialExpressionTextureSample_43, compiling. 
[2015.06.06-01.57.28:747][432]LogMaterial: Missing cached shader map for material FMatExpressionPreview MaterialExpressionConstant3Vector_15, compiling. 
[2015.06.06-01.57.28:751][432]LogMaterial: Missing cached shader map for material FMatExpressionPreview MaterialExpressionTextureSample_9, compiling. 
[2015.06.06-01.57.28:756][432]LogMaterial: Missing cached shader map for material FMatExpressionPreview MaterialExpressionTextureSample_10, compiling. 
[2015.06.06-01.57.30:510][501]MaterialEditorStats: Info Base pass shader with static lighting: 110 instructions
[2015.06.06-01.57.30:511][501]MaterialEditorStats: Info Base pass shader with only dynamic lighting: 77 instructions
[2015.06.06-01.57.30:512][501]MaterialEditorStats: Info Vertex shader: 33 instructions
[2015.06.06-01.57.30:512][501]MaterialEditorStats: Info Texture samplers: 6/16
[2015.06.06-01.58.00:549][237]LogTexture:Display: Building textures: T_Tech_Hex_Tile_N (BC5)
[2015.06.06-01.58.00:724][237]LogTexture:Display: Building textures: T_Tech_Hex_Tile_M (AutoDXT)
[2015.06.06-01.58.01:214][237]LogMaterial: Missing cached shader map for material M_Tech_Hex_Tile, compiling. 
[2015.06.06-01.58.05:847][400]LogTexture:Display: Building textures: T_Concrete_Grime_D (AutoDXT)
[2015.06.06-01.58.12:086][400]LogTexture:Display: Building textures: T_Metal_Rust_N (BC5)
[2015.06.06-01.58.12:893][400]LogMaterial: Missing cached shader map for material M_Concrete_Grime, compiling. 
[2015.06.06-01.58.24:687][762]LogTexture:Display: Building textures: T_Metal_Gold_D (AutoDXT)
[2015.06.06-01.58.30:684][762]LogMaterial: Missing cached shader map for material M_Metal_Gold, compiling. 
[2015.06.06-01.58.39:927][ 13]LogMaterial: Missing cached shader map for material M_ColorGrid_LowSpec, compiling. 
[2015.06.06-01.58.54:748][575]LogTexture:Display: Building textures: T_Ceramic_Tile_M (DXT1)
[2015.06.06-01.58.55:904][575]LogTexture:Display: Building textures: T_Ceramic_Tile_N (BC5)
[2015.06.06-01.58.56:801][575]LogTexture:Display: Building textures: T_Rock_Marble_Polished_D (AutoDXT)
[2015.06.06-01.59.00:461][575]LogMaterial: Missing cached shader map for material M_Ceramic_Tile_Checker, compiling. 
[2015.06.06-01.59.10:551][737]LogTexture:Display: Building textures: T_CobbleStone_Rough_D (AutoDXT)
[2015.06.06-01.59.12:416][737]LogTexture:Display: Building textures: T_CobbleStone_Rough_N (AutoDXT)
[2015.06.06-01.59.14:039][737]LogTexture:Display: Building textures: T_Gradinet_01 (AutoDXT)
[2015.06.06-01.59.14:352][737]LogTexture:Display: Building textures: T_Rock_Smooth_Granite_D (AutoDXT)
[2015.06.06-01.59.21:238][737]LogMaterial: Missing cached shader map for material M_CobbleStone_Rough, compiling. 
[2015.06.06-01.59.34:333][777]LogEditorViewport: Clicking on Actor (LMB): StaticMeshActor (LeftArm_StaticMesh)
[2015.06.06-02.00.38:584][443]LogTexture:Display: Building textures: T_Metal_Steel_D (AutoDXT)
[2015.06.06-02.00.42:347][443]LogTexture:Display: Building textures: T_Metal_Steel_N (BC5)
[2015.06.06-02.00.43:082][443]LogMaterial: Missing cached shader map for material M_Metal_Steel, compiling. 
[2015.06.06-02.01.29:310][746]LogMaterial: Missing cached shader map for material M_Tech_Hex_Tile_Pulse, compiling. 
[2015.06.06-02.02.52:251][241]LogEditorViewport: Clicking on Actor (LMB): SphereReflectionCapture (SphereReflectionCapture)
[2015.06.06-02.02.53:413][287]LogEditorViewport: Clicking on Actor (LMB): StaticMeshActor (LeftArm_StaticMesh)
[2015.06.06-02.02.56:572][400]LogEditorViewport: Clicking on Actor (LMB): StaticMeshActor (Floor)
[2015.06.06-02.05.29:856][841]LogRenderer:Warning: Reallocating scene render targets to support 1216x576 (Frame:31544).
[2015.06.06-02.06.32:451][408]LogEditorViewport: Clicking on Actor (LMB): BP_Sky_Sphere_C (SkySphereBlueprint)
[2015.06.06-02.06.35:271][512]LogPlayLevel: PIE:  No blueprints needed recompiling
[2015.06.06-02.06.35:273][512]PIE: New page: PIE session: ThirdPersonExampleMap (Jun 5, 2015, 12:06:35 PM)
[2015.06.06-02.06.35:303][512]LogPlayLevel: PIE: StaticDuplicateObject took: (0.028841s)
[2015.06.06-02.06.35:305][512]LogPlayLevel: PIE: World Init took: (0.001324s)
[2015.06.06-02.06.35:306][512]LogPlayLevel: PIE: Created PIE world by copying editor world from /Game/ThirdPerson/Maps/ThirdPersonExampleMap.ThirdPersonExampleMap to /Game/ThirdPerson/Maps/UEDPIE_0_ThirdPersonExampleMap.ThirdPersonExampleMap (0.031499s)
[2015.06.06-02.06.35:386][512]LogWorld: Game class is 'TutorialCodeGameMode'
[2015.06.06-02.06.35:390][512]LogAIModule: Creating AISystem for world ThirdPersonExampleMap
[2015.06.06-02.06.35:402][512]LogWorld: Bringing World /Game/ThirdPerson/Maps/UEDPIE_0_ThirdPersonExampleMap.ThirdPersonExampleMap up for play (max tick rate 0) at 2015.06.05-19.06.35
[2015.06.06-02.06.35:404][512]LogWorld: Bringing up level for play took: 0.012423
[2015.06.06-02.06.35:407][512]PIE: Info Play in editor start time for /Game/ThirdPerson/Maps/UEDPIE_0_ThirdPersonExampleMap -0.015
[2015.06.06-02.07.18:962][120]LogParticles: Destroying 0 GPU particle simulations for FXSystem 0x00000035B0CFF7E0
[2015.06.06-02.07.18:963][120]LogParticles: Destroying 0 GPU particle simulations for FXSystem 0x00000035B2A58400
[2015.06.06-02.07.52:324][321]LogEditorViewport: Clicking on Actor (LMB): StaticMeshActor (Floor)
[2015.06.06-02.09.23:836][436]Recompiling TutorialCode...
[2015.06.06-02.09.23:837][436]Launching UnrealBuildTool... [C:/Program Files/Epic Games/4.7/Engine/Binaries/DotNET/UnrealBuildTool.exe TutorialCode -M