Log file open, 06/05/15 22:26:40
LogInit:Display: Running engine for game: TutorialCode
LogInit: Version: 4.7.6-2513093+++depot+UE4-Releases+4.7
LogInit: API Version: 2455222
LogInit: Compiled (64-bit): Apr 15 2015 12:09:54
LogInit: Compiled with Visual C++: 18.00.21005.01
LogInit: Build Configuration: DebugGame
LogInit: Branch Name: ++depot+UE4-Releases+4.7
LogInit: Command line:  -debug
LogInit: Base directory: C:/Program Files/Epic Games/4.7/Engine/Binaries/Win64/
LogInit: Rocket: 1
[2015.06.06-05.26.40:317][  0]LogTaskGraph: Started task graph with 3 named threads and 6 total threads.
[2015.06.06-05.26.40:381][  0]LogOnline:Warning: No default platform service specified for OnlineSubsystem
[2015.06.06-05.26.40:557][  0]LogInit: Presizing for 0 objects not considered by GC, pre-allocating 0 bytes.
[2015.06.06-05.26.40:572][  0]LogInit: Object subsystem initialized
[2015.06.06-05.26.40:575][  0]LogConsoleResponse:Warning: Skipping Unknown console variable: 'TranslucentSortAxis = (X=0.000000,Y=-1.000000,Z=0.000000)'
[2015.06.06-05.26.40:575][  0]LogConsoleResponse:Warning:   Found in ini file 'C:/TutorialProject/TutorialCode/Saved/Config/Windows/Engine.ini', in section '[/Script/Engine.RendererSettings]'
[2015.06.06-05.26.40:576][  0]LogConsoleResponse:Warning: Skipping Unknown console variable: 'UIScaleRule = ShortestSide'
[2015.06.06-05.26.40:576][  0]LogConsoleResponse:Warning:   Found in ini file 'C:/TutorialProject/TutorialCode/Saved/Config/Windows/Engine.ini', in section '[/Script/Engine.RendererSettings]'
[2015.06.06-05.26.40:577][  0]LogConsoleResponse:Warning: Skipping Unknown console variable: 'UIScaleCurve = (EditorCurveData=(Keys=),ExternalCurve=None)'
[2015.06.06-05.26.40:577][  0]LogConsoleResponse:Warning:   Found in ini file 'C:/TutorialProject/TutorialCode/Saved/Config/Windows/Engine.ini', in section '[/Script/Engine.RendererSettings]'
[2015.06.06-05.26.40:578][  0]LogInit: Selected Device Profile: [Windows]
[2015.06.06-05.26.40:578][  0]LogInit: Applying CVar settings loaded from the selected device profile: [Windows]
[2015.06.06-05.26.40:587][  0]LogInit: Computer: THEBEAST
[2015.06.06-05.26.40:587][  0]LogInit: User: Jeff
[2015.06.06-05.26.40:588][  0]LogInit: CPU Page size=4096, Cores=4
[2015.06.06-05.26.40:588][  0]LogInit: High frequency timer resolution =2.241003 MHz
[2015.06.06-05.26.40:589][  0]LogMemory: Memory total: Physical=7.9GB (8GB approx) Virtual=131072.0GB
[2015.06.06-05.26.40:589][  0]LogMemory: Platform Memory Stats for Windows
[2015.06.06-05.26.40:589][  0]LogMemory: Process Physical Memory: 46.76 MB used, 46.76 MB peak
[2015.06.06-05.26.40:590][  0]LogMemory: Process Virtual Memory: 22.89 MB used, 22.89 MB peak
[2015.06.06-05.26.40:590][  0]LogMemory: Physical Memory: 4219.84 MB used, 8077.17 MB total
[2015.06.06-05.26.40:590][  0]LogMemory: Virtual Memory: 284.94 MB used, 134217728.00 MB total
[2015.06.06-05.26.40:689][  0]LogD3D11RHI: Found D3D11 adapter 0: Intel(R) HD Graphics 4000 (Feature Level 11_0)
[2015.06.06-05.26.40:689][  0]LogD3D11RHI: Adapter has 32MB of dedicated video memory, 0MB of dedicated system memory, and 1760MB of shared system memory, 1 output[s]
[2015.06.06-05.26.40:744][  0]LogD3D11RHI: Found D3D11 adapter 1: NVIDIA GeForce GT 640M LE (Feature Level 11_0)
[2015.06.06-05.26.40:744][  0]LogD3D11RHI: Adapter has 965MB of dedicated video memory, 0MB of dedicated system memory, and 3072MB of shared system memory, 0 output[s]
[2015.06.06-05.26.40:789][  0]LogD3D11RHI: Found D3D11 adapter 2: Microsoft Basic Render Driver (Feature Level 11_0)
[2015.06.06-05.26.40:790][  0]LogD3D11RHI: Adapter has 0MB of dedicated video memory, 0MB of dedicated system memory, and 256MB of shared system memory, 0 output[s]
[2015.06.06-05.26.40:790][  0]LogD3D11RHI: Chosen D3D11 Adapter Id = 0
[2015.06.06-05.26.40:795][  0]LogRHI: Texture pool is 638 MB (70% of 912 MB)
[2015.06.06-05.26.40:846][  0]LogD3D11RHI: Async texture creation enabled
[2015.06.06-05.26.41:039][  0]LogTextLocalizationManager: The requested culture ('en_US') has no localization data; parent culture's ('en') localization data will be used.
[2015.06.06-05.26.41:129][  0]LogTextLocalizationManager:Warning: Loading localization resources contain conflicting entries for (Namespace:UICommands, Key:Save_ToolTip):
Resource: (C:/Program Files/Epic Games/4.7/Engine/Content/Localization/Editor/en/Editor.locres) Hash: (-29098895) String: (Saves the current level to disk)
Resource: (C:/Program Files/Epic Games/4.7/Engine/Content/Localization/Engine/en/Engine.locres) Hash: (-1280300587) String: (Save selected data to vlog file)
[2015.06.06-05.26.41:145][  0]LogTextLocalizationManager:Warning: Loading localization resources contain conflicting entries for (Namespace:ContentBrowser, Key:ImportAssetToolTip):
Resource: (C:/Program Files/Epic Games/4.7/Engine/Content/Localization/Editor/en/Editor.locres) Hash: (-630476809) String: (Import to {0}...)
Resource: (C:/Program Files/Epic Games/4.7/Engine/Content/Localization/Editor/en/Editor.locres) Hash: (1271782899) String: (Imports an asset from file to this folder.)
[2015.06.06-05.26.41:259][  0]LogContentStreaming: Texture pool size is 0.000000MB
[2015.06.06-05.26.45:503][  0]LogTargetPlatformManager:Display: Building Assets For Windows
[2015.06.06-05.26.47:309][  0]LogTargetPlatformManager:Display: Building Assets For Windows
[2015.06.06-05.26.47:453][  0]LogDerivedDataCache:Display: Max Cache Size: 512 MB
[2015.06.06-05.26.47:503][  0]LogDerivedDataCache: Loaded boot cache 0.05s 40MB C:/Users/Jeff/AppData/Local/UnrealEngine/4.7/DerivedDataCache/Boot.ddc.
[2015.06.06-05.26.47:504][  0]LogDerivedDataCache:Display: Loaded Boot cache: C:/Users/Jeff/AppData/Local/UnrealEngine/4.7/DerivedDataCache/Boot.ddc
[2015.06.06-05.26.47:504][  0]LogDerivedDataCache: FDerivedDataBackendGraph:  Pak pak cache file ../../../../../../TutorialProject/TutorialCode/DerivedDataCache/DDC.ddp not found, will not use a pak cache.
[2015.06.06-05.26.47:505][  0]LogDerivedDataCache: Unable to find inner node Pak for hierarchical cache Hierarchy.
[2015.06.06-05.26.47:677][  0]LogDerivedDataCache:Display: Pak cache opened for reading ../../../Engine/DerivedDataCache/Compressed.ddp.
[2015.06.06-05.26.47:691][  0]LogDerivedDataCache: Using Local data cache path C:/Users/Jeff/AppData/Local/UnrealEngine/Common/DerivedDataCache: Writable
[2015.06.06-05.26.48:268][  0]LogMeshUtilities: No automatic mesh reduction module available
[2015.06.06-05.26.48:269][  0]LogMeshUtilities: No automatic mesh merging module available
[2015.06.06-05.26.48:950][  0]LogInit: WinSock: version 1.1 (2.2), MaxSocks=32767, MaxUdp=65467
[2015.06.06-05.26.49:232][  0]LogSlate:Warning: Failed to load font data from '../../../Engine/Content/Slate/Fonts/Roboto-Italic.ttf'
[2015.06.06-05.26.52:702][  0]UdpMessaging: Initializing bridge on interface 0.0.0.0:0 to multicast group 230.0.0.1:6666.
[2015.06.06-05.26.52:873][  0]LogLinker:Warning: Asset '../../../Engine/Content/EngineMeshes/Humanoid.uasset' has been saved with empty engine version. The asset will be loaded but may be incompatible.
[2015.06.06-05.26.54:531][  0]SourceControl: Info Source control is disabled
[2015.06.06-05.26.54:532][  0]SourceControl: Info Source control is disabled
[2015.06.06-05.26.54:533][  0]SourceControl: Info Source control is disabled
[2015.06.06-05.26.54:533][  0]LogSourceControl: RunCommandInternalRaw: 'git version'
[2015.06.06-05.26.54:534][  0]LogSourceControl: RunCommandInternalRaw: ExecProcess ReturnCode=2 OutResults=''
[2015.06.06-05.26.54:548][  0]SourceControl: Info Source control is disabled
[2015.06.06-05.26.55:942][  0]LogObj: 27887 objects as part of root set at end of initial load.
[2015.06.06-05.26.55:943][  0]LogUObjectAllocator: 6412240 out of 0 bytes used by permanent object pool.
[2015.06.06-05.26.56:263][  0]LogEngine: Initializing Engine...
[2015.06.06-05.26.58:492][  0]LogInit: XAudio2 using 'Speakers (Cirrus Logic High Definition Audio)' : 2 channels at 48 kHz using 32 bits per sample (channel mask 0x3)
[2015.06.06-05.26.58:512][  0]LogInit: FAudioDevice initialized.
[2015.06.06-05.26.58:616][  0]LogAIModule: Creating AISystem for world NewWorld
[2015.06.06-05.26.58:645][  0]LogDerivedDataCache: Saved boot cache 0.03s 40MB C:/Users/Jeff/AppData/Local/UnrealEngine/4.7/DerivedDataCache/Boot.ddc.
[2015.06.06-05.26.58:651][  0]LogInit: Texture streaming: Enabled
[2015.06.06-05.26.58:867][  0]LogAnalytics: Creating configured Analytics provider AnalyticsET
[2015.06.06-05.26.58:868][  0]LogAnalytics: ET APIKey = Rocket.Release. APIServer = http://et2.epicgames.com/ET2/. AppVersion = 4.7.6-2513093+++depot+UE4-Releases+4.7
[2015.06.06-05.26.58:868][  0]LogAnalytics: ET APIKey = Rocket.Release. DataRouterUploadURL = https://datarouter-public-service-gamedev.ol.epicgames.net/datarouter/api/v1/public/data. AppVersion = 4.7.6-2513093+++depot+UE4-Releases+4.7
[2015.06.06-05.26.58:869][  0]LogAnalytics: SetUserId edd68f6b4a33d155654fc2beed465d2d|357909885bee4bc0a8554031fe1d9a1f|57c67e77-8efb-497e-ad04-6a3bdf108692
[2015.06.06-05.26.58:869][  0]LogAnalytics: AnalyticsET::StartSession [Rocket.Release]
[2015.06.06-05.26.58:963][  0]LogInit: Transaction tracking system initialized
[2015.06.06-05.27.00:838][  0]BlueprintLog: New page: Editor Load
[2015.06.06-05.27.00:982][  0]LogAssetRegistry: FAssetRegistry took 0.0112 seconds to start up
[2015.06.06-05.27.00:983][  0]LogDirectoryWatcher:Warning: Failed to begin reading directory changes for ../../../Engine/Plugins/Experimental/CharacterAI/Content/. Error: 0
[2015.06.06-05.27.03:333][  0]LogTargetPlatformManager:Display: Building Assets For Windows
[2015.06.06-05.27.03:997][  0]LogTargetPlatformManager:Display: Building Assets For Windows
[2015.06.06-05.27.05:741][  0]LogSlate:Warning: Failed to load font data from '../../../Engine/Content/Editor/Slate/Fonts/Roboto-Regular.ttf'
[2015.06.06-05.27.05:742][  0]LogSlate:Warning: Failed to load font data from '../../../Engine/Content/Editor/Slate/Fonts/Roboto-Bold.ttf'
[2015.06.06-05.27.05:808][  0]LogConsoleResponse:Display: 
[2015.06.06-05.27.06:051][  0]LogCook:Display: Done creating registry. It took  0.00s.
[2015.06.06-05.27.07:057][  0]SourceControl: Info Source control is disabled
[2015.06.06-05.27.07:058][  0]Cmd: MAP LOAD FILE="../../../../../../TutorialProject/TutorialCode/Content/ThirdPerson/Maps/ThirdPersonExampleMap.umap" TEMPLATE=0 SHOWPROGRESS=1 FEATURELEVEL=3
[2015.06.06-05.27.07:059][  0]LightingResults: New page: Lighting Build
[2015.06.06-05.27.07:078][  0]MapCheck: New page: Map Check
[2015.06.06-05.27.07:078][  0]LightingResults: New page: Lighting Build
[2015.06.06-05.27.07:097][  0]LogParticles: Destroying 0 GPU particle simulations for FXSystem 0x0000002E06215440
[2015.06.06-05.27.07:813][  0]LogEditorServer: Finished looking for orphan Actors (0.000 secs)
[2015.06.06-05.27.09:385][  0]LogAIModule: Creating AISystem for world ThirdPersonExampleMap
[2015.06.06-05.27.09:387][  0]Cmd: MAP CHECKDEP
[2015.06.06-05.27.09:387][  0]MapCheck: New page: ThirdPersonExampleMap - Jun 5, 2015, 3:27:09 PM
[2015.06.06-05.27.09:516][  0]MapCheck: Info Map check complete: 0 Error(s), 0 Warning(s), took 129.022ms to complete.
[2015.06.06-05.27.09:520][  0]LogFileHelpers: Loading map 'ThirdPersonExampleMap' took 2.463
[2015.06.06-05.27.09:787][  0]LogCollectionManager: Loaded 0 collections in 0.002747 seconds
[2015.06.06-05.27.09:807][  0]LogContentBrowser: Native class hierarchy populated in 0.0191 seconds. Added 1699 classes and 263 folders.
[2015.06.06-05.27.10:047][  0]LogContentBrowser: Native class hierarchy updated for 'SceneOutliner' in 0.0069 seconds. Added 1 classes and 2 folders.
[2015.06.06-05.27.10:253][  0]LogCrashTracker: Crashtracker disabled due to settings.
[2015.06.06-05.27.10:256][  0]LogSlate:Warning: Failed to load font data from 'Veranda'
[2015.06.06-05.27.10:267][  0]LogUObjectGlobals:Warning: Failed to find object 'Class None.'
[2015.06.06-05.27.10:315][  0]LogLoad: Full Startup: 34.07 seconds (BP compile: 0.20 seconds)
[2015.06.06-05.27.10:360][  0]LogContentBrowser:Verbose: The content browser source was changed by the sources view to '/Game/ThirdPerson'
