Log file open, 06/05/15 21:11:37
LogInit:Display: Running engine for game: TutorialCode
LogInit: Version: 4.7.6-2513093+++depot+UE4-Releases+4.7
LogInit: API Version: 2455222
LogInit: Compiled (64-bit): Apr 15 2015 12:09:54
LogInit: Compiled with Visual C++: 18.00.21005.01
LogInit: Build Configuration: Development
LogInit: Branch Name: ++depot+UE4-Releases+4.7
LogInit: Command line: 
LogInit: Base directory: C:/Program Files/Epic Games/4.7/Engine/Binaries/Win64/
LogInit: Rocket: 1
[2015.06.06-04.11.37:411][  0]LogTaskGraph: Started task graph with 3 named threads and 6 total threads.
[2015.06.06-04.11.37:472][  0]LogOnline:Warning: No default platform service specified for OnlineSubsystem
[2015.06.06-04.11.37:490][  0]LogInit: Presizing for 0 objects not considered by GC, pre-allocating 0 bytes.
[2015.06.06-04.11.37:504][  0]LogInit: Object subsystem initialized
[2015.06.06-04.11.37:507][  0]LogConsoleResponse:Warning: Skipping Unknown console variable: 'TranslucentSortAxis = (X=0.000000,Y=-1.000000,Z=0.000000)'
[2015.06.06-04.11.37:507][  0]LogConsoleResponse:Warning:   Found in ini file 'C:/TutorialProject/TutorialCode/Saved/Config/Windows/Engine.ini', in section '[/Script/Engine.RendererSettings]'
[2015.06.06-04.11.37:507][  0]LogConsoleResponse:Warning: Skipping Unknown console variable: 'UIScaleRule = ShortestSide'
[2015.06.06-04.11.37:507][  0]LogConsoleResponse:Warning:   Found in ini file 'C:/TutorialProject/TutorialCode/Saved/Config/Windows/Engine.ini', in section '[/Script/Engine.RendererSettings]'
[2015.06.06-04.11.37:507][  0]LogConsoleResponse:Warning: Skipping Unknown console variable: 'UIScaleCurve = (EditorCurveData=(Keys=),ExternalCurve=None)'
[2015.06.06-04.11.37:507][  0]LogConsoleResponse:Warning:   Found in ini file 'C:/TutorialProject/TutorialCode/Saved/Config/Windows/Engine.ini', in section '[/Script/Engine.RendererSettings]'
[2015.06.06-04.11.37:507][  0]LogInit: Selected Device Profile: [Windows]
[2015.06.06-04.11.37:507][  0]LogInit: Applying CVar settings loaded from the selected device profile: [Windows]
[2015.06.06-04.11.37:517][  0]LogInit: Computer: THEBEAST
[2015.06.06-04.11.37:517][  0]LogInit: User: Jeff
[2015.06.06-04.11.37:517][  0]LogInit: CPU Page size=4096, Cores=4
[2015.06.06-04.11.37:517][  0]LogInit: High frequency timer resolution =2.241003 MHz
[2015.06.06-04.11.37:517][  0]LogMemory: Memory total: Physical=7.9GB (8GB approx) Virtual=131072.0GB
[2015.06.06-04.11.37:517][  0]LogMemory: Platform Memory Stats for Windows
[2015.06.06-04.11.37:517][  0]LogMemory: Process Physical Memory: 46.39 MB used, 46.39 MB peak
[2015.06.06-04.11.37:517][  0]LogMemory: Process Virtual Memory: 22.77 MB used, 22.78 MB peak
[2015.06.06-04.11.37:517][  0]LogMemory: Physical Memory: 2731.30 MB used, 8077.17 MB total
[2015.06.06-04.11.37:517][  0]LogMemory: Virtual Memory: 285.92 MB used, 134217728.00 MB total
[2015.06.06-04.11.37:555][  0]LogD3D11RHI: Found D3D11 adapter 0: Intel(R) HD Graphics 4000 (Feature Level 11_0)
[2015.06.06-04.11.37:555][  0]LogD3D11RHI: Adapter has 32MB of dedicated video memory, 0MB of dedicated system memory, and 1760MB of shared system memory, 1 output[s]
[2015.06.06-04.11.37:571][  0]LogD3D11RHI: Found D3D11 adapter 1: NVIDIA GeForce GT 640M LE (Feature Level 11_0)
[2015.06.06-04.11.37:571][  0]LogD3D11RHI: Adapter has 965MB of dedicated video memory, 0MB of dedicated system memory, and 3072MB of shared system memory, 0 output[s]
[2015.06.06-04.11.37:572][  0]LogD3D11RHI: Found D3D11 adapter 2: Microsoft Basic Render Driver (Feature Level 11_0)
[2015.06.06-04.11.37:572][  0]LogD3D11RHI: Adapter has 0MB of dedicated video memory, 0MB of dedicated system memory, and 256MB of shared system memory, 0 output[s]
[2015.06.06-04.11.37:572][  0]LogD3D11RHI: Chosen D3D11 Adapter Id = 0
[2015.06.06-04.11.37:576][  0]LogRHI: Texture pool is 638 MB (70% of 912 MB)
[2015.06.06-04.11.37:588][  0]LogD3D11RHI: Async texture creation enabled
[2015.06.06-04.11.37:656][  0]LogTextLocalizationManager: The requested culture ('en_US') has no localization data; parent culture's ('en') localization data will be used.
[2015.06.06-04.11.37:745][  0]LogTextLocalizationManager:Warning: Loading localization resources contain conflicting entries for (Namespace:UICommands, Key:Save_ToolTip):
Resource: (C:/Program Files/Epic Games/4.7/Engine/Content/Localization/Editor/en/Editor.locres) Hash: (-29098895) String: (Saves the current level to disk)
Resource: (C:/Program Files/Epic Games/4.7/Engine/Content/Localization/Engine/en/Engine.locres) Hash: (-1280300587) String: (Save selected data to vlog file)
[2015.06.06-04.11.37:745][  0]LogTextLocalizationManager:Warning: Loading localization resources contain conflicting entries for (Namespace:ContentBrowser, Key:ImportAssetToolTip):
Resource: (C:/Program Files/Epic Games/4.7/Engine/Content/Localization/Editor/en/Editor.locres) Hash: (-630476809) String: (Import to {0}...)
Resource: (C:/Program Files/Epic Games/4.7/Engine/Content/Localization/Editor/en/Editor.locres) Hash: (1271782899) String: (Imports an asset from file to this folder.)
[2015.06.06-04.11.37:855][  0]LogContentStreaming: Texture pool size is 0.000000MB
[2015.06.06-04.11.41:333][  0]LogTargetPlatformManager:Display: Building Assets For Windows
[2015.06.06-04.11.42:076][  0]LogTargetPlatformManager:Display: Building Assets For Windows
[2015.06.06-04.11.42:169][  0]LogDerivedDataCache:Display: Max Cache Size: 512 MB
[2015.06.06-04.11.42:732][  0]LogDerivedDataCache: Loaded boot cache 0.56s 40MB C:/Users/Jeff/AppData/Local/UnrealEngine/4.7/DerivedDataCache/Boot.ddc.
[2015.06.06-04.11.42:733][  0]LogDerivedDataCache:Display: Loaded Boot cache: C:/Users/Jeff/AppData/Local/UnrealEngine/4.7/DerivedDataCache/Boot.ddc
[2015.06.06-04.11.42:733][  0]LogDerivedDataCache: FDerivedDataBackendGraph:  Pak pak cache file ../../../../../../TutorialProject/TutorialCode/DerivedDataCache/DDC.ddp not found, will not use a pak cache.
[2015.06.06-04.11.42:733][  0]LogDerivedDataCache: Unable to find inner node Pak for hierarchical cache Hierarchy.
[2015.06.06-04.11.42:903][  0]LogDerivedDataCache:Display: Pak cache opened for reading ../../../Engine/DerivedDataCache/Compressed.ddp.
[2015.06.06-04.11.42:916][  0]LogDerivedDataCache: Using Local data cache path C:/Users/Jeff/AppData/Local/UnrealEngine/Common/DerivedDataCache: Writable
[2015.06.06-04.11.43:382][  0]LogMeshUtilities: No automatic mesh reduction module available
[2015.06.06-04.11.43:382][  0]LogMeshUtilities: No automatic mesh merging module available
[2015.06.06-04.11.43:934][  0]LogInit: WinSock: version 1.1 (2.2), MaxSocks=32767, MaxUdp=65467
[2015.06.06-04.11.44:075][  0]LogSlate:Warning: Failed to load font data from '../../../Engine/Content/Slate/Fonts/Roboto-Italic.ttf'
[2015.06.06-04.11.47:489][  0]UdpMessaging: Initializing bridge on interface 0.0.0.0:0 to multicast group 230.0.0.1:6666.
[2015.06.06-04.11.47:619][  0]LogLinker:Warning: Asset '../../../Engine/Content/EngineMeshes/Humanoid.uasset' has been saved with empty engine version. The asset will be loaded but may be incompatible.
[2015.06.06-04.11.48:190][  0]SourceControl: Info Source control is disabled
[2015.06.06-04.11.48:190][  0]SourceControl: Info Source control is disabled
[2015.06.06-04.11.48:190][  0]SourceControl: Info Source control is disabled
[2015.06.06-04.11.48:190][  0]LogSourceControl: RunCommandInternalRaw: 'git version'
[2015.06.06-04.11.48:190][  0]LogSourceControl: RunCommandInternalRaw: ExecProcess ReturnCode=2 OutResults=''
[2015.06.06-04.11.48:203][  0]SourceControl: Info Source control is disabled
[2015.06.06-04.11.48:523][  0]LogObj: 27880 objects as part of root set at end of initial load.
[2015.06.06-04.11.48:523][  0]LogUObjectAllocator: 6407848 out of 0 bytes used by permanent object pool.
[2015.06.06-04.11.48:636][  0]LogEngine: Initializing Engine...
[2015.06.06-04.11.50:850][  0]LogInit: XAudio2 using 'Speakers (Cirrus Logic High Definition Audio)' : 2 channels at 48 kHz using 32 bits per sample (channel mask 0x3)
[2015.06.06-04.11.50:875][  0]LogInit: FAudioDevice initialized.
[2015.06.06-04.11.50:930][  0]LogAIModule: Creating AISystem for world NewWorld
[2015.06.06-04.11.50:954][  0]LogDerivedDataCache: Saved boot cache 0.02s 40MB C:/Users/Jeff/AppData/Local/UnrealEngine/4.7/DerivedDataCache/Boot.ddc.
[2015.06.06-04.11.50:970][  0]LogInit: Texture streaming: Enabled
[2015.06.06-04.11.51:141][  0]LogAnalytics: Creating configured Analytics provider AnalyticsET
[2015.06.06-04.11.51:141][  0]LogAnalytics: ET APIKey = Rocket.Release. APIServer = http://et2.epicgames.com/ET2/. AppVersion = 4.7.6-2513093+++depot+UE4-Releases+4.7
[2015.06.06-04.11.51:141][  0]LogAnalytics: ET APIKey = Rocket.Release. DataRouterUploadURL = https://datarouter-public-service-gamedev.ol.epicgames.net/datarouter/api/v1/public/data. AppVersion = 4.7.6-2513093+++depot+UE4-Releases+4.7
[2015.06.06-04.11.51:141][  0]LogAnalytics: SetUserId edd68f6b4a33d155654fc2beed465d2d|357909885bee4bc0a8554031fe1d9a1f|57c67e77-8efb-497e-ad04-6a3bdf108692
[2015.06.06-04.11.51:141][  0]LogAnalytics: AnalyticsET::StartSession [Rocket.Release]
[2015.06.06-04.11.51:180][  0]LogInit: Transaction tracking system initialized
[2015.06.06-04.11.51:428][  0]BlueprintLog: New page: Editor Load
[2015.06.06-04.11.51:473][  0]LogAssetRegistry: FAssetRegistry took 0.0107 seconds to start up
[2015.06.06-04.11.51:473][  0]LogDirectoryWatcher:Warning: Failed to begin reading directory changes for ../../../Engine/Plugins/Experimental/CharacterAI/Content/. Error: 0
[2015.06.06-04.11.52:414][  0]LogTargetPlatformManager:Display: Building Assets For Windows
[2015.06.06-04.11.52:966][  0]LogTargetPlatformManager:Display: Building Assets For Windows
[2015.06.06-04.11.53:325][  0]LogSlate:Warning: Failed to load font data from '../../../Engine/Content/Editor/Slate/Fonts/Roboto-Regular.ttf'
[2015.06.06-04.11.53:325][  0]LogSlate:Warning: Failed to load font data from '../../../Engine/Content/Editor/Slate/Fonts/Roboto-Bold.ttf'
[2015.06.06-04.11.53:411][  0]LogConsoleResponse:Display: 
[2015.06.06-04.11.53:622][  0]LogCook:Display: Done creating registry. It took  0.00s.
[2015.06.06-04.11.53:847][  0]SourceControl: Info Source control is disabled
[2015.06.06-04.11.53:847][  0]Cmd: MAP LOAD FILE="../../../../../../TutorialProject/TutorialCode/Content/ThirdPerson/Maps/ThirdPersonExampleMap.umap" TEMPLATE=0 SHOWPROGRESS=1 FEATURELEVEL=3
[2015.06.06-04.11.53:847][  0]LightingResults: New page: Lighting Build
[2015.06.06-04.11.53:865][  0]MapCheck: New page: Map Check
[2015.06.06-04.11.53:865][  0]LightingResults: New page: Lighting Build
[2015.06.06-04.11.53:879][  0]LogParticles: Destroying 0 GPU particle simulations for FXSystem 0x000000F4D11D9F80
[2015.06.06-04.11.54:964][  0]LogEditorServer: Finished looking for orphan Actors (0.000 secs)
[2015.06.06-04.11.56:467][  0]LogAIModule: Creating AISystem for world ThirdPersonExampleMap
[2015.06.06-04.11.56:468][  0]Cmd: MAP CHECKDEP
[2015.06.06-04.11.56:469][  0]MapCheck: New page: ThirdPersonExampleMap - Jun 5, 2015, 2:11:56 PM
[2015.06.06-04.11.56:591][  0]MapCheck: Info Map check complete: 0 Error(s), 0 Warning(s), took 122.14ms to complete.
[2015.06.06-04.11.56:591][  0]LogFileHelpers: Loading map 'ThirdPersonExampleMap' took 2.744
[2015.06.06-04.11.56:796][  0]LogCollectionManager: Loaded 0 collections in 0.002406 seconds
[2015.06.06-04.11.56:813][  0]LogContentBrowser: Native class hierarchy populated in 0.0174 seconds. Added 1698 classes and 263 folders.
[2015.06.06-04.11.56:861][  0]LogContentBrowser: Native class hierarchy updated for 'SceneOutliner' in 0.0058 seconds. Added 1 classes and 2 folders.
[2015.06.06-04.11.57:009][  0]LogCrashTracker: Crashtracker disabled due to settings.
[2015.06.06-04.11.57:011][  0]LogSlate:Warning: Failed to load font data from 'Veranda'
[2015.06.06-04.11.57:018][  0]LogUObjectGlobals:Warning: Failed to find object 'Class None.'
[2015.06.06-04.11.57:046][  0]LogLoad: Full Startup: 22.29 seconds (BP compile: 0.19 seconds)
[2015.06.06-04.11.57:447][  0]LogContentBrowser:Verbose: The content browser source was changed by the sources view to '/Game/ThirdPerson'
[2015.06.06-04.11.57:691][  0]LogRenderer:Warning: Reallocating scene render targets to support 1208x576 (Frame:2).
[2015.06.06-04.11.59:704][  6]LogAssetRegistry: Asset discovery search completed in 8.2424 seconds
[2015.06.06-04.12.08:653][332]LogEditorViewport: Clicking on Actor (LMB): TextRenderActor (TemplateLabel)
[2015.06.06-04.12.10:886][423]LogEditorViewport: Clicking on Actor (LMB): TextRenderActor (TemplateLabel)
[2015.06.06-04.12.12:226][479]Cmd: DELETE
[2015.06.06-04.12.12:227][479]Cmd: ACTOR DELETE
[2015.06.06-04.12.12:479][479]LogEditorActor: Deleted Actor: TextRenderActor
[2015.06.06-04.12.12:517][479]LogEditorActor: Deleted 1 Actors (0.081 secs)
[2015.06.06-04.12.23:901][995]LogContentBrowser:Verbose: The content browser source was changed by the sources view to '/Classes_Game/TutorialCode'
[2015.06.06-04.12.43:187][788]LogContentBrowser:Verbose: The content browser source was changed by the sources view to '/Classes_Game'
[2015.06.06-04.12.43:776][816]LogContentBrowser:Verbose: The content browser source was changed by the sources view to '/Game/ThirdPerson/Meshes'
[2015.06.06-04.12.44:179][819]LogContentBrowser:Verbose: The content browser source was changed by the sources view to '/Classes_Game'
[2015.06.06-04.12.44:731][844]LogEditorViewport: Clicking on Actor (LMB): StaticMeshActor (Floor)
[2015.06.06-04.12.52:260][178]LogEditorViewport: Clicking on Actor (LMB): StaticMeshActor (Floor)
[2015.06.06-04.12.55:459][324]LogEditorViewport: Clicking on Actor (context menu): StaticMeshActor (Floor)
[2015.06.06-04.13.08:683][ 49]LogEditorViewport: Clicking on Actor (LMB): StaticMeshActor (Floor)
[2015.06.06-04.13.33:426][142]LogContentBrowser:Verbose: The content browser source was changed by the sources view to '/Game/StarterContent/Materials'
[2015.06.06-04.15.18:485][282]LogEditorViewport: Clicking on Actor (LMB): StaticMeshActor (Floor)
[2015.06.06-04.15.31:816][734]LogSavePackage: Save=3080.414795ms
[2015.06.06-04.15.31:816][734]LogSavePackage: Moving '../../../../../../TutorialProject/TutorialCode/Saved/ThirdPersonExampleMap51804845492BF1112E68C9934491F9BB.tmp' to '../../../../../../TutorialProject/TutorialCode/Content/ThirdPerson/Maps/ThirdPersonExampleMap.umap'
[2015.06.06-04.15.31:932][734]LogFileHelpers: Saving map 'ThirdPersonExampleMap' took 3.380
[2015.06.06-04.16.43:940][595]LogSavePackage: Save=2873.723877ms
[2015.06.06-04.16.43:940][595]LogSavePackage: Moving '../../../../../../TutorialProject/TutorialCode/Saved/ThirdPersonExampleMap29B086C1448455F3EF5C2CB4FF0DEE50.tmp' to '../../../../../../TutorialProject/TutorialCode/Content/ThirdPerson/Maps/ThirdPersonExampleMap.umap'
[2015.06.06-04.16.43:994][595]LogFileHelpers: Saving map 'ThirdPersonExampleMap' took 3.071
[2015.06.06-04.45.25:239][567]LogPlayLevel: PIE:  No blueprints needed recompiling
[2015.06.06-04.45.25:276][567]PIE: New page: PIE session: ThirdPersonExampleMap (Jun 5, 2015, 2:45:25 PM)
[2015.06.06-04.45.25:321][567]LogPlayLevel: PIE: StaticDuplicateObject took: (0.045228s)
[2015.06.06-04.45.25:323][567]LogPlayLevel: PIE: World Init took: (0.001458s)
[2015.06.06-04.45.25:338][567]LogPlayLevel: PIE: Created PIE world by copying editor world from /Game/ThirdPerson/Maps/ThirdPersonExampleMap.ThirdPersonExampleMap to /Game/ThirdPerson/Maps/UEDPIE_0_ThirdPersonExampleMap.ThirdPersonExampleMap (0.062191s)
[2015.06.06-04.45.25:523][567]LogWorld: Game class is 'TutorialCodeGameMode'
[2015.06.06-04.45.25:838][567]LogAIModule: Creating AISystem for world ThirdPersonExampleMap
[2015.06.06-04.45.25:846][567]LogWorld: Bringing World /Game/ThirdPerson/Maps/UEDPIE_0_ThirdPersonExampleMap.ThirdPersonExampleMap up for play (max tick rate 60) at 2015.06.05-21.45.25
[2015.06.06-04.45.25:927][567]LogWorld: Bringing up level for play took: 0.088945
[2015.06.06-04.45.26:203][567]PIE: Info Play in editor start time for /Game/ThirdPerson/Maps/UEDPIE_0_ThirdPersonExampleMap 0.782
[2015.06.06-04.45.42:467][493]LogParticles: Destroying 0 GPU particle simulations for FXSystem 0x000000F4858BB240
[2015.06.06-04.55.14:615][404]LogContentBrowser:Verbose: The content browser source was changed by the sources view to '/Classes_Game'
[2015.06.06-04.55.16:667][470]LogContentBrowser:Verbose: The content browser source was changed by the sources view to '/Classes_Game/TutorialCode'
[2015.06.06-04.55.18:808][552]LogContentBrowser:Verbose: The content browser source was changed by the sources view to '/Classes_Game'
[2015.06.06-04.55.20:148][604]LogContentBrowser:Verbose: The content browser source was changed by the sources view to '/Classes_Game/TutorialCode'
[2015.06.06-04.55.27:027][739]LogVSAccessor:Warning: Visual Studio is open but could not be queried - it may be blocked by a modal operation
[2015.06.06-05.26.25:433][302]LogHotReload: New module detected: UE4Editor-TutorialCode-97-Win64-DebugGame.dll
[2015.06.06-05.26.26:483][306]LogHotReload: Starting Hot-Reload from IDE
[2015.06.06-05.26.31:148][306]LogClass: Could not find existing class Pickup in package /Script/TutorialCode for HotReload, assuming new class
[2015.06.06-05.26.31:195][306]LogContentBrowser: Native class hierarchy updated for 'TutorialCode' in 0.0083 seconds. Added 3 classes and 2 folders.
[2015.06.06-05.26.31:196][306]Warning: HotReload successful (0 functions remapped  0 scriptstructs remapped)
[2015.06.06-05.26.31:237][306]LogContentBrowser: Native class hierarchy populated in 0.0171 seconds. Added 1700 classes and 265 folders.
[2015.06.06-05.28.54:351][847]Cmd: QUIT_EDITOR
[2015.06.06-05.28.54:725][847]LogExit: Preparing to exit.
[2015.06.06-05.28.55:566][847]LogExit: Editor shut down
[2015.06.06-05.28.55:567][847]LogExit: Transaction tracking system shut down
[2015.06.06-05.28.55:568][847]LogParticles: Destroying 0 GPU particle simulations for FXSystem 0x000000F4D5075620
[2015.06.06-05.28.55:568][847]LogParticles: Destroying 0 GPU particle simulations for FXSystem 0x000000F4CC9A9580
[2015.06.06-05.28.56:030][847]LogParticles: Destroying 0 GPU particle simulations for FXSystem 0x000000F4C7FAC860
[2015.06.06-05.28.56:030][847]LogParticles: Destroying 0 GPU particle simulations for FXSystem 0x000000F4FC8E63E0
[2015.06.06-05.28.56:030][847]LogExit: Object subsystem successfully closed.
[2015.06.06-05.28.56:110][847]LogModuleManager: Shutting down and abandoning module CrashTracker (178)
[2015.06.06-05.28.56:110][847]LogModuleManager: Shutting down and abandoning module SuperSearch (177)
[2015.06.06-05.28.56:110][847]LogModuleManager: Shutting down and abandoning module SceneOutliner (176)
[2015.06.06-05.28.56:110][847]LogModuleManager: Shutting down and abandoning module EditorWidgets (175)
[2015.06.06-05.28.56:110][847]LogModuleManager: Shutting down and abandoning module CollectionManager (174)
[2015.06.06-05.28.56:110][847]LogModuleManager: Shutting down and abandoning module StatsViewer (173)
[2015.06.06-05.28.56:111][847]LogModuleManager: Shutting down and abandoning module FoliageEdit (172)
[2015.06.06-05.28.56:111][847]LogModuleManager: Shutting down and abandoning module LandscapeEditor (171)
[2015.06.06-05.28.56:111][847]LogModuleManager: Shutting down and abandoning module MeshPaint (170)
[2015.06.06-05.28.56:111][847]LogModuleManager: Shutting down and abandoning module ActorPickerMode (169)
[2015.06.06-05.28.56:111][847]LogModuleManager: Shutting down and abandoning module GeometryMode (168)
[2015.06.06-05.28.56:111][847]LogModuleManager: Shutting down and abandoning module TextureAlignMode (167)
[2015.06.06-05.28.56:111][847]LogModuleManager: Shutting down and abandoning module BspMode (166)
[2015.06.06-05.28.56:111][847]LogModuleManager: Shutting down and abandoning module PlacementMode (165)
[2015.06.06-05.28.56:111][847]LogModuleManager: Shutting down and abandoning module AutomationWorker (164)
[2015.06.06-05.28.56:111][847]LogModuleManager: Shutting down and abandoning module CharacterAI (163)
[2015.06.06-05.28.56:111][847]LogModuleManager: Shutting down and abandoning module SmartSnapping (162)
[2015.06.06-05.28.56:111][847]LogModuleManager: Shutting down and abandoning module ViewportSnapping (161)
[2015.06.06-05.28.56:111][847]LogModuleManager: Shutting down and abandoning module LogVisualizer (160)
[2015.06.06-05.28.56:112][847]LogModuleManager: Shutting down and abandoning module GameProjectGeneration (159)
[2015.06.06-05.28.56:112][847]LogModuleManager: Shutting down and abandoning module IntroTutorials (158)
[2015.06.06-05.28.56:112][847]LogModuleManager: Shutting down and abandoning module EditorLiveStreaming (157)
[2015.06.06-05.28.56:112][847]LogModuleManager: Shutting down and abandoning module HardwareTargeting (156)
[2015.06.06-05.28.56:112][847]LogModuleManager: Shutting down and abandoning module DeviceProfileEditor (155)
[2015.06.06-05.28.56:112][847]LogModuleManager: Shutting down and abandoning module UndoHistory (154)
[2015.06.06-05.28.56:112][847]LogModuleManager: Shutting down and abandoning module GameplayTagsEditor (153)
[2015.06.06-05.28.56:112][847]LogModuleManager: Shutting down and abandoning module UserFeedback (152)
[2015.06.06-05.28.56:112][847]LogModuleManager: Shutting down and abandoning module XmlParser (151)
[2015.06.06-05.28.56:112][847]LogModuleManager: Shutting down and abandoning module Blutility (150)
[2015.06.06-05.28.56:112][847]LogModuleManager: Shutting down and abandoning module IOSPlatformEditor (149)
[2015.06.06-05.28.56:112][847]LogModuleManager: Shutting down and abandoning module IOSRuntimeSettings (148)
[2015.06.06-05.28.56:112][847]LogModuleManager: Shutting down and abandoning module AndroidDeviceDetection (147)
[2015.06.06-05.28.57:052][847]LogModuleManager: Shutting down and abandoning module AndroidPlatformEditor (146)
[2015.06.06-05.28.57:052][847]LogModuleManager: Shutting down and abandoning module AndroidRuntimeSettings (145)
[2015.06.06-05.28.57:052][847]LogModuleManager: Shutting down and abandoning module ProjectTargetPlatformEditor (144)
[2015.06.06-05.28.57:052][847]LogModuleManager: Shutting down and abandoning module ProjectSettingsViewer (143)
[2015.06.06-05.28.57:052][847]LogModuleManager: Shutting down and abandoning module InputBindingEditor (142)
[2015.06.06-05.28.57:052][847]LogModuleManager: Shutting down and abandoning module EditorSettingsViewer (141)
[2015.06.06-05.28.57:052][847]LogModuleManager: Shutting down and abandoning module SettingsEditor (140)
[2015.06.06-05.28.57:052][847]LogModuleManager: Shutting down and abandoning module ProjectLauncher (139)
[2015.06.06-05.28.57:052][847]LogModuleManager: Shutting down and abandoning module SessionFrontend (138)
[2015.06.06-05.28.57:052][847]LogModuleManager: Shutting down and abandoning module ProfilerClient (137)
[2015.06.06-05.28.57:052][847]LogModuleManager: Shutting down and abandoning module TargetDeviceServices (136)
[2015.06.06-05.28.57:052][847]LogModuleManager: Shutting down and abandoning module DeviceManager (135)
[2015.06.06-05.28.57:053][847]LogModuleManager: Shutting down and abandoning module AutomationController (134)
[2015.06.06-05.28.57:053][847]LogModuleManager: Shutting down and abandoning module AutomationWindow (133)
[2015.06.06-05.28.57:053][847]LogModuleManager: Shutting down and abandoning module Layers (132)
[2015.06.06-05.28.57:053][847]LogModuleManager: Shutting down and abandoning module ComponentVisualizers (131)
[2015.06.06-05.28.57:053][847]LogModuleManager: Shutting down and abandoning module DetailCustomizations (130)
[2015.06.06-05.28.57:053][847]LogModuleManager: Shutting down and abandoning module PackagesDialog (129)
[2015.06.06-05.28.57:053][847]LogModuleManager: Shutting down and abandoning module AssetRegistry (128)
[2015.06.06-05.28.57:129][847]LogModuleManager: Shutting down and abandoning module Persona (127)
[2015.06.06-05.28.57:129][847]LogModuleManager: Shutting down and abandoning module SlateReflector (126)
[2015.06.06-05.28.57:129][847]LogModuleManager: Shutting down and abandoning module LevelEditor (125)
[2015.06.06-05.28.57:130][847]LogModuleManager: Shutting down and abandoning module Kismet (124)
[2015.06.06-05.28.57:131][847]LogModuleManager: Shutting down and abandoning module GraphEditor (123)
[2015.06.06-05.28.57:131][847]LogModuleManager: Shutting down and abandoning module ClassViewer (122)
[2015.06.06-05.28.57:131][847]LogModuleManager: Shutting down and abandoning module Toolbox (121)
[2015.06.06-05.28.57:131][847]LogModuleManager: Shutting down and abandoning module ModuleUI (120)
[2015.06.06-05.28.57:131][847]LogModuleManager: Shutting down and abandoning module MovieSceneTools (119)
[2015.06.06-05.28.57:131][847]LogModuleManager: Shutting down and abandoning module OutputLog (118)
[2015.06.06-05.28.57:131][847]LogModuleManager: Shutting down and abandoning module GammaUI (117)
[2015.06.06-05.28.57:131][847]LogModuleManager: Shutting down and abandoning module Documentation (116)
[2015.06.06-05.28.57:131][847]LogModuleManager: Shutting down and abandoning module GameLiveStreaming (115)
[2015.06.06-05.28.57:131][847]LogModuleManager: Shutting down and abandoning module StreamingPauseRendering (114)
[2015.06.06-05.28.57:131][847]LogModuleManager: Shutting down and abandoning module HTTP (113)
[2015.06.06-05.28.57:131][847]LogModuleManager: Shutting down and abandoning module AnalyticsET (112)
[2015.06.06-05.28.57:131][847]LogModuleManager: Shutting down and abandoning module Analytics (111)
[2015.06.06-05.28.57:131][847]LogModuleManager: Shutting down and abandoning module AITestSuite (110)
[2015.06.06-05.28.57:131][847]LogModuleManager: Shutting down and abandoning module GameplayDebugger (109)
[2015.06.06-05.28.57:131][847]LogModuleManager: Shutting down and abandoning module AIModule (108)
[2015.06.06-05.28.57:131][847]LogModuleManager: Shutting down and abandoning module ProfilerService (107)
[2015.06.06-05.28.57:316][847]LogModuleManager: Shutting down and abandoning module TaskGraph (106)
[2015.06.06-05.28.57:316][847]LogModuleManager: Shutting down and abandoning module SlateRemote (105)
[2015.06.06-05.28.57:316][847]LogModuleManager: Shutting down and abandoning module ScriptEditorPlugin (104)
[2015.06.06-05.28.57:316][847]LogModuleManager: Shutting down and abandoning module CustomMeshComponent (103)
[2015.06.06-05.28.57:316][847]LogModuleManager: Shutting down and abandoning module CableComponent (102)
[2015.06.06-05.28.57:316][847]LogModuleManager: Shutting down and abandoning module MessagingDebugger (101)
[2015.06.06-05.28.57:316][847]LogModuleManager: Shutting down and abandoning module MediaPlayerEditor (100)
[2015.06.06-05.28.57:316][847]LogModuleManager: Shutting down and abandoning module SpeedTreeImporter (99)
[2015.06.06-05.28.57:316][847]LogModuleManager: Shutting down and abandoning module PluginsEditor (98)
[2015.06.06-05.28.57:316][847]LogModuleManager: Shutting down and abandoning module MainFrame (97)
[2015.06.06-05.28.57:316][847]LogModuleManager: Shutting down and abandoning module EpicSurvey (96)
[2015.06.06-05.28.57:316][847]LogModuleManager: Shutting down and abandoning module DesktopPlatform (95)
[2015.06.06-05.28.57:316][847]LogModuleManager: Shutting down and abandoning module DirectoryWatcher (94)
[2015.06.06-05.28.57:319][847]LogModuleManager: Shutting down and abandoning module HotReload (93)
[2015.06.06-05.28.57:319][847]LogModuleManager: Shutting down and abandoning module VisualStudioSourceCodeAccess (92)
[2015.06.06-05.28.57:319][847]LogModuleManager: Shutting down and abandoning module UObjectPlugin (91)
[2015.06.06-05.28.57:319][847]LogModuleManager: Shutting down and abandoning module SubversionSourceControl (90)
[2015.06.06-05.28.57:319][847]LogModuleManager: Shutting down and abandoning module PerforceSourceControl (89)
[2015.06.06-05.28.57:320][847]LogModuleManager: Shutting down and abandoning module SourceControl (88)
[2015.06.06-05.28.57:320][847]LogModuleManager: Shutting down and abandoning module GitSourceControl (87)
[2015.06.06-05.28.57:320][847]LogModuleManager: Shutting down and abandoning module BlankPlugin (86)
[2015.06.06-05.28.57:320][847]LogModuleManager: Shutting down and abandoning module PaperTiledImporter (85)
[2015.06.06-05.28.57:320][847]LogModuleManager: Shutting down and abandoning module PaperJsonImporter (84)
[2015.06.06-05.28.57:320][847]LogModuleManager: Shutting down and abandoning module ContentBrowser (83)
[2015.06.06-05.28.57:321][847]LogModuleManager: Shutting down and abandoning module Paper2DEditor (82)
[2015.06.06-05.28.57:321][847]LogModuleManager: Shutting down and abandoning module TutorialCode (81)
[2015.06.06-05.28.57:321][847]LogModuleManager: Shutting down and abandoning module ScriptPlugin (80)
[2015.06.06-05.28.57:321][847]LogModuleManager: Shutting down and abandoning module UdpMessaging (79)
[2015.06.06-05.28.57:422][847]LogModuleManager: Shutting down and abandoning module Paper2D (78)
[2015.06.06-05.28.57:422][847]LogModuleManager: Shutting down and abandoning module WindowsMoviePlayer (77)
[2015.06.06-05.28.57:425][847]LogModuleManager: Shutting down and abandoning module Media (76)
[2015.06.06-05.28.57:425][847]LogModuleManager: Shutting down and abandoning module WmfMedia (75)
[2015.06.06-05.28.57:425][847]LogModuleManager: Shutting down and abandoning module OnlineBlueprintSupport (74)
[2015.06.06-05.28.57:425][847]LogModuleManager: Shutting down and abandoning module PropertyEditor (73)
[2015.06.06-05.28.57:425][847]LogModuleManager: Shutting down and abandoning module BehaviorTreeEditor (72)
[2015.06.06-05.28.57:425][847]LogModuleManager: Shutting down and abandoning module FunctionalTesting (71)
[2015.06.06-05.28.57:425][847]LogModuleManager: Shutting down and abandoning module CollisionAnalyzer (70)
[2015.06.06-05.28.57:425][847]LogModuleManager: Shutting down and abandoning module WorkspaceMenuStructure (69)
[2015.06.06-05.28.57:426][847]LogModuleManager: Shutting down and abandoning module MessageLog (68)
[2015.06.06-05.28.57:426][847]LogModuleManager: Shutting down and abandoning module Sequencer (67)
[2015.06.06-05.28.57:426][847]LogModuleManager: Shutting down and abandoning module AssetTools (66)
[2015.06.06-05.28.57:426][847]LogModuleManager: Shutting down and abandoning module UMGEditor (65)
[2015.06.06-05.28.57:426][847]LogModuleManager: Shutting down and abandoning module UMG (64)
[2015.06.06-05.28.57:426][847]LogModuleManager: Shutting down and abandoning module Slate (63)
[2015.06.06-05.28.57:426][847]LogModuleManager: Shutting down and abandoning module EditorStyle (62)
[2015.06.06-05.28.57:431][847]LogModuleManager: Shutting down and abandoning module SessionServices (61)
[2015.06.06-05.28.57:431][847]LogModuleManager: Shutting down and abandoning module SourceCodeAccess (60)
[2015.06.06-05.28.57:431][847]LogModuleManager: Shutting down and abandoning module HeadMountedDisplay (59)
[2015.06.06-05.28.57:431][847]LogModuleManager: Shutting down and abandoning module XAudio2 (58)
[2015.06.06-05.28.57:431][847]LogModuleManager: Shutting down and abandoning module Networking (56)
[2015.06.06-05.28.57:431][847]LogModuleManager: Shutting down and abandoning module Core (55)
[2015.06.06-05.28.57:431][847]LogModuleManager: Shutting down and abandoning module KismetCompiler (54)
[2015.06.06-05.28.57:431][847]LogModuleManager: Shutting down and abandoning module PhysXFormats (53)
[2015.06.06-05.28.57:431][847]LogModuleManager: Shutting down and abandoning module MeshUtilities (52)
[2015.06.06-05.28.57:431][847]LogModuleManager: Shutting down and abandoning module DerivedDataCache (51)
[2015.06.06-05.28.57:455][847]LogDerivedDataCache: Shutdown
[2015.06.06-05.28.57:455][847]LogModuleManager: Shutting down and abandoning module ShaderFormatOpenGL (50)
[2015.06.06-05.28.57:455][847]LogModuleManager: Shutting down and abandoning module ShaderFormatD3D (49)
[2015.06.06-05.28.57:455][847]LogModuleManager: Shutting down and abandoning module MetalShaderFormat (48)
[2015.06.06-05.28.57:455][847]LogModuleManager: Shutting down and abandoning module TextureFormatUncompressed (47)
[2015.06.06-05.28.57:455][847]LogModuleManager: Shutting down and abandoning module TextureFormatPVR (46)
[2015.06.06-05.28.57:455][847]LogModuleManager: Shutting down and abandoning module TextureFormatIntelISPCTexComp (45)
[2015.06.06-05.28.57:455][847]LogModuleManager: Shutting down and abandoning module TextureFormatDXT (44)
[2015.06.06-05.28.57:455][847]LogModuleManager: Shutting down and abandoning module ImageWrapper (43)
[2015.06.06-05.28.57:455][847]LogModuleManager: Shutting down and abandoning module TextureFormatASTC (42)
[2015.06.06-05.28.57:455][847]LogModuleManager: Shutting down and abandoning module TextureFormatAndroid (41)
[2015.06.06-05.28.57:455][847]LogModuleManager: Shutting down and abandoning module AudioFormatOpus (40)
[2015.06.06-05.28.57:455][847]LogModuleManager: Shutting down and abandoning module AudioFormatOgg (39)
[2015.06.06-05.28.57:455][847]LogModuleManager: Shutting down and abandoning module AudioFormatADPCM (38)
[2015.06.06-05.28.57:455][847]LogModuleManager: Shutting down and abandoning module LinuxTargetPlatform (37)
[2015.06.06-05.28.57:455][847]LogModuleManager: Shutting down and abandoning module LinuxServerTargetPlatform (36)
[2015.06.06-05.28.57:455][847]LogModuleManager: Shutting down and abandoning module LinuxNoEditorTargetPlatform (35)
[2015.06.06-05.28.57:455][847]LogModuleManager: Shutting down and abandoning module Messaging (34)
[2015.06.06-05.28.57:455][847]LogModuleManager: Shutting down and abandoning module IOSTargetPlatform (33)
[2015.06.06-05.28.57:455][847]LogModuleManager: Shutting down and abandoning module HTML5TargetPlatform (32)
[2015.06.06-05.28.57:455][847]LogModuleManager: Shutting down and abandoning module Android_PVRTCTargetPlatform (31)
[2015.06.06-05.28.57:455][847]LogModuleManager: Shutting down and abandoning module Android_ETC2TargetPlatform (30)
[2015.06.06-05.28.57:455][847]LogModuleManager: Shutting down and abandoning module Android_ETC1TargetPlatform (29)
[2015.06.06-05.28.57:455][847]LogModuleManager: Shutting down and abandoning module Android_ES31TargetPlatform (28)
[2015.06.06-05.28.57:455][847]LogModuleManager: Shutting down and abandoning module Android_DXTTargetPlatform (27)
[2015.06.06-05.28.57:455][847]LogModuleManager: Shutting down and abandoning module Android_ATCTargetPlatform (26)
[2015.06.06-05.28.57:455][847]LogModuleManager: Shutting down and abandoning module AndroidTargetPlatform (25)
[2015.06.06-05.28.57:455][847]LogModuleManager: Shutting down and abandoning module WindowsTargetPlatform (24)
[2015.06.06-05.28.57:455][847]LogModuleManager: Shutting down and abandoning module WindowsServerTargetPlatform (23)
[2015.06.06-05.28.57:455][847]LogModuleManager: Shutting down and abandoning module WindowsNoEditorTargetPlatform (22)
[2015.06.06-05.28.57:455][847]LogModuleManager: Shutting down and abandoning module WindowsClientTargetPlatform (21)
[2015.06.06-05.28.57:455][847]LogModuleManager: Shutting down and abandoning module TargetPlatform (20)
[2015.06.06-05.28.57:455][847]LogModuleManager: Shutting down and abandoning module InputCore (19)
[2015.06.06-05.28.57:455][847]LogModuleManager: Shutting down and abandoning module Settings (18)
[2015.06.06-05.28.57:455][847]LogModuleManager: Shutting down and abandoning module OnlineSubsystem (16)
[2015.06.06-05.28.57:455][847]LogModuleManager: Shutting down and abandoning module OculusRift (15)
[2015.06.06-05.28.57:455][847]LogModuleManager: Shutting down and abandoning module ExampleDeviceProfileSelector (14)
[2015.06.06-05.28.57:455][847]LogModuleManager: Shutting down and abandoning module TextureCompressor (13)
[2015.06.06-05.28.57:456][847]LogModuleManager: Shutting down and abandoning module ShaderCore (12)
[2015.06.06-05.28.57:456][847]LogModuleManager: Shutting down and abandoning module Landscape (11)
[2015.06.06-05.28.57:456][847]LogModuleManager: Shutting down and abandoning module SlateRHIRenderer (10)
[2015.06.06-05.28.57:464][847]LogModuleManager: Shutting down and abandoning module OpenGLDrv (9)
[2015.06.06-05.28.57:464][847]LogModuleManager: Shutting down and abandoning module D3D11RHI (8)
[2015.06.06-05.28.57:464][847]LogModuleManager: Shutting down and abandoning module Renderer (7)
[2015.06.06-05.28.57:464][847]LogModuleManager: Shutting down and abandoning module Engine (6)
[2015.06.06-05.28.57:464][847]LogModuleManager: Shutting down and abandoning module CoreUObject (5)
[2015.06.06-05.28.57:465][847]LogModuleManager: Shutting down and abandoning module NetworkFile (4)
[2015.06.06-05.28.57:465][847]LogModuleManager: Shutting down and abandoning module StreamingFile (3)
[2015.06.06-05.28.57:465][847]LogModuleManager: Shutting down and abandoning module SandboxFile (2)
[2015.06.06-05.28.57:465][847]LogModuleManager: Shutting down and abandoning module PakFile (1)
[2015.06.06-05.28.57:465][847]LogExit: Exiting.
[2015.06.06-05.28.57:495][847]Log file closed, 06/05/15 22:28:57
