Log file open, 06/05/15 20:04:47
LogInit:Display: Running engine for game: TutorialCode
LogInit: Version: 4.7.6-2513093+++depot+UE4-Releases+4.7
LogInit: API Version: 2455222
LogInit: Compiled (64-bit): Apr 15 2015 12:09:54
LogInit: Compiled with Visual C++: 18.00.21005.01
LogInit: Build Configuration: DebugGame
LogInit: Branch Name: ++depot+UE4-Releases+4.7
LogInit: Command line:  -debug
LogInit: Base directory: C:/Program Files/Epic Games/4.7/Engine/Binaries/Win64/
LogInit: Rocket: 1
[2015.06.06-03.04.47:433][  0]LogTaskGraph: Started task graph with 3 named threads and 6 total threads.
[2015.06.06-03.04.47:497][  0]LogOnline:Warning: No default platform service specified for OnlineSubsystem
[2015.06.06-03.04.47:549][  0]LogInit: Presizing for 0 objects not considered by GC, pre-allocating 0 bytes.
[2015.06.06-03.04.47:563][  0]LogInit: Object subsystem initialized
[2015.06.06-03.04.47:566][  0]LogConsoleResponse:Warning: Skipping Unknown console variable: 'TranslucentSortAxis = (X=0.000000,Y=-1.000000,Z=0.000000)'
[2015.06.06-03.04.47:567][  0]LogConsoleResponse:Warning:   Found in ini file 'C:/TutorialProject/TutorialCode/Saved/Config/Windows/Engine.ini', in section '[/Script/Engine.RendererSettings]'
[2015.06.06-03.04.47:567][  0]LogConsoleResponse:Warning: Skipping Unknown console variable: 'UIScaleRule = ShortestSide'
[2015.06.06-03.04.47:568][  0]LogConsoleResponse:Warning:   Found in ini file 'C:/TutorialProject/TutorialCode/Saved/Config/Windows/Engine.ini', in section '[/Script/Engine.RendererSettings]'
[2015.06.06-03.04.47:568][  0]LogConsoleResponse:Warning: Skipping Unknown console variable: 'UIScaleCurve = (EditorCurveData=(Keys=),ExternalCurve=None)'
[2015.06.06-03.04.47:568][  0]LogConsoleResponse:Warning:   Found in ini file 'C:/TutorialProject/TutorialCode/Saved/Config/Windows/Engine.ini', in section '[/Script/Engine.RendererSettings]'
[2015.06.06-03.04.47:569][  0]LogInit: Selected Device Profile: [Windows]
[2015.06.06-03.04.47:570][  0]LogInit: Applying CVar settings loaded from the selected device profile: [Windows]
[2015.06.06-03.04.47:578][  0]LogInit: Computer: THEBEAST
[2015.06.06-03.04.47:579][  0]LogInit: User: Jeff
[2015.06.06-03.04.47:579][  0]LogInit: CPU Page size=4096, Cores=4
[2015.06.06-03.04.47:580][  0]LogInit: High frequency timer resolution =2.241003 MHz
[2015.06.06-03.04.47:580][  0]LogMemory: Memory total: Physical=7.9GB (8GB approx) Virtual=131072.0GB
[2015.06.06-03.04.47:581][  0]LogMemory: Platform Memory Stats for Windows
[2015.06.06-03.04.47:581][  0]LogMemory: Process Physical Memory: 46.32 MB used, 46.32 MB peak
[2015.06.06-03.04.47:582][  0]LogMemory: Process Virtual Memory: 22.87 MB used, 22.87 MB peak
[2015.06.06-03.04.47:582][  0]LogMemory: Physical Memory: 3390.66 MB used, 8077.17 MB total
[2015.06.06-03.04.47:582][  0]LogMemory: Virtual Memory: 284.94 MB used, 134217728.00 MB total
[2015.06.06-03.04.47:743][  0]LogD3D11RHI: Found D3D11 adapter 0: Intel(R) HD Graphics 4000 (Feature Level 11_0)
[2015.06.06-03.04.47:744][  0]LogD3D11RHI: Adapter has 32MB of dedicated video memory, 0MB of dedicated system memory, and 1760MB of shared system memory, 1 output[s]
[2015.06.06-03.04.47:797][  0]LogD3D11RHI: Found D3D11 adapter 1: NVIDIA GeForce GT 640M LE (Feature Level 11_0)
[2015.06.06-03.04.47:798][  0]LogD3D11RHI: Adapter has 965MB of dedicated video memory, 0MB of dedicated system memory, and 3072MB of shared system memory, 0 output[s]
[2015.06.06-03.04.47:803][  0]LogD3D11RHI: Found D3D11 adapter 2: Microsoft Basic Render Driver (Feature Level 11_0)
[2015.06.06-03.04.47:803][  0]LogD3D11RHI: Adapter has 0MB of dedicated video memory, 0MB of dedicated system memory, and 256MB of shared system memory, 0 output[s]
[2015.06.06-03.04.47:803][  0]LogD3D11RHI: Chosen D3D11 Adapter Id = 0
[2015.06.06-03.04.47:808][  0]LogRHI: Texture pool is 638 MB (70% of 912 MB)
[2015.06.06-03.04.47:865][  0]LogD3D11RHI: Async texture creation enabled
[2015.06.06-03.04.48:066][  0]LogTextLocalizationManager: The requested culture ('en_US') has no localization data; parent culture's ('en') localization data will be used.
[2015.06.06-03.04.48:152][  0]LogTextLocalizationManager:Warning: Loading localization resources contain conflicting entries for (Namespace:UICommands, Key:Save_ToolTip):
Resource: (C:/Program Files/Epic Games/4.7/Engine/Content/Localization/Editor/en/Editor.locres) Hash: (-29098895) String: (Saves the current level to disk)
Resource: (C:/Program Files/Epic Games/4.7/Engine/Content/Localization/Engine/en/Engine.locres) Hash: (-1280300587) String: (Save selected data to vlog file)
[2015.06.06-03.04.48:153][  0]LogTextLocalizationManager:Warning: Loading localization resources contain conflicting entries for (Namespace:ContentBrowser, Key:ImportAssetToolTip):
Resource: (C:/Program Files/Epic Games/4.7/Engine/Content/Localization/Editor/en/Editor.locres) Hash: (-630476809) String: (Import to {0}...)
Resource: (C:/Program Files/Epic Games/4.7/Engine/Content/Localization/Editor/en/Editor.locres) Hash: (1271782899) String: (Imports an asset from file to this folder.)
[2015.06.06-03.04.48:260][  0]LogContentStreaming: Texture pool size is 0.000000MB
[2015.06.06-03.04.51:902][  0]LogTargetPlatformManager:Display: Building Assets For Windows
[2015.06.06-03.04.52:876][  0]LogTargetPlatformManager:Display: Building Assets For Windows
[2015.06.06-03.04.52:982][  0]LogDerivedDataCache:Display: Max Cache Size: 512 MB
[2015.06.06-03.04.53:035][  0]LogDerivedDataCache: Loaded boot cache 0.05s 40MB C:/Users/Jeff/AppData/Local/UnrealEngine/4.7/DerivedDataCache/Boot.ddc.
[2015.06.06-03.04.53:035][  0]LogDerivedDataCache:Display: Loaded Boot cache: C:/Users/Jeff/AppData/Local/UnrealEngine/4.7/DerivedDataCache/Boot.ddc
[2015.06.06-03.04.53:036][  0]LogDerivedDataCache: FDerivedDataBackendGraph:  Pak pak cache file ../../../../../../TutorialProject/TutorialCode/DerivedDataCache/DDC.ddp not found, will not use a pak cache.
[2015.06.06-03.04.53:036][  0]LogDerivedDataCache: Unable to find inner node Pak for hierarchical cache Hierarchy.
[2015.06.06-03.04.53:208][  0]LogDerivedDataCache:Display: Pak cache opened for reading ../../../Engine/DerivedDataCache/Compressed.ddp.
[2015.06.06-03.04.53:245][  0]LogDerivedDataCache: Using Local data cache path C:/Users/Jeff/AppData/Local/UnrealEngine/Common/DerivedDataCache: Writable
[2015.06.06-03.04.53:673][  0]LogMeshUtilities: No automatic mesh reduction module available
[2015.06.06-03.04.53:674][  0]LogMeshUtilities: No automatic mesh merging module available
[2015.06.06-03.04.54:277][  0]LogInit: WinSock: version 1.1 (2.2), MaxSocks=32767, MaxUdp=65467
[2015.06.06-03.04.54:434][  0]LogSlate:Warning: Failed to load font data from '../../../Engine/Content/Slate/Fonts/Roboto-Italic.ttf'
[2015.06.06-03.05.08:141][  0]UdpMessaging: Initializing bridge on interface 0.0.0.0:0 to multicast group 230.0.0.1:6666.
[2015.06.06-03.05.08:255][  0]LogLinker:Warning: Asset '../../../Engine/Content/EngineMeshes/Humanoid.uasset' has been saved with empty engine version. The asset will be loaded but may be incompatible.
[2015.06.06-03.05.08:946][  0]SourceControl: Info Source control is disabled
[2015.06.06-03.05.08:947][  0]SourceControl: Info Source control is disabled
[2015.06.06-03.05.08:947][  0]SourceControl: Info Source control is disabled
[2015.06.06-03.05.08:948][  0]LogSourceControl: RunCommandInternalRaw: 'git version'
[2015.06.06-03.05.08:948][  0]LogSourceControl: RunCommandInternalRaw: ExecProcess ReturnCode=2 OutResults=''
[2015.06.06-03.05.08:963][  0]SourceControl: Info Source control is disabled
[2015.06.06-03.05.09:584][  0]LogObj: 27880 objects as part of root set at end of initial load.
[2015.06.06-03.05.09:585][  0]LogUObjectAllocator: 6407848 out of 0 bytes used by permanent object pool.
[2015.06.06-03.05.09:728][  0]LogEngine: Initializing Engine...
[2015.06.06-03.05.11:946][  0]LogInit: XAudio2 using 'Speakers (Cirrus Logic High Definition Audio)' : 2 channels at 48 kHz using 32 bits per sample (channel mask 0x3)
[2015.06.06-03.05.11:969][  0]LogInit: FAudioDevice initialized.
[2015.06.06-03.05.12:032][  0]LogAIModule: Creating AISystem for world NewWorld
[2015.06.06-03.05.12:057][  0]LogDerivedDataCache: Saved boot cache 0.02s 40MB C:/Users/Jeff/AppData/Local/UnrealEngine/4.7/DerivedDataCache/Boot.ddc.
[2015.06.06-03.05.12:064][  0]LogInit: Texture streaming: Enabled
[2015.06.06-03.05.12:212][  0]LogAnalytics: Creating configured Analytics provider AnalyticsET
[2015.06.06-03.05.12:213][  0]LogAnalytics: ET APIKey = Rocket.Release. APIServer = http://et2.epicgames.com/ET2/. AppVersion = 4.7.6-2513093+++depot+UE4-Releases+4.7
[2015.06.06-03.05.12:213][  0]LogAnalytics: ET APIKey = Rocket.Release. DataRouterUploadURL = https://datarouter-public-service-gamedev.ol.epicgames.net/datarouter/api/v1/public/data. AppVersion = 4.7.6-2513093+++depot+UE4-Releases+4.7
[2015.06.06-03.05.12:214][  0]LogAnalytics: SetUserId edd68f6b4a33d155654fc2beed465d2d|357909885bee4bc0a8554031fe1d9a1f|57c67e77-8efb-497e-ad04-6a3bdf108692
[2015.06.06-03.05.12:214][  0]LogAnalytics: AnalyticsET::StartSession [Rocket.Release]
[2015.06.06-03.05.12:250][  0]LogInit: Transaction tracking system initialized
[2015.06.06-03.05.12:672][  0]BlueprintLog: New page: Editor Load
[2015.06.06-03.05.12:734][  0]LogAssetRegistry: FAssetRegistry took 0.0113 seconds to start up
[2015.06.06-03.05.12:735][  0]LogDirectoryWatcher:Warning: Failed to begin reading directory changes for ../../../Engine/Plugins/Experimental/CharacterAI/Content/. Error: 0
[2015.06.06-03.05.13:715][  0]LogTargetPlatformManager:Display: Building Assets For Windows
[2015.06.06-03.05.14:286][  0]LogTargetPlatformManager:Display: Building Assets For Windows
[2015.06.06-03.05.14:885][  0]LogSlate:Warning: Failed to load font data from '../../../Engine/Content/Editor/Slate/Fonts/Roboto-Regular.ttf'
[2015.06.06-03.05.14:886][  0]LogSlate:Warning: Failed to load font data from '../../../Engine/Content/Editor/Slate/Fonts/Roboto-Bold.ttf'
[2015.06.06-03.05.14:959][  0]LogConsoleResponse:Display: 
[2015.06.06-03.05.15:157][  0]LogCook:Display: Done creating registry. It took  0.00s.
[2015.06.06-03.05.15:531][  0]SourceControl: Info Source control is disabled
[2015.06.06-03.05.15:532][  0]Cmd: MAP LOAD FILE="../../../../../../TutorialProject/TutorialCode/Content/ThirdPerson/Maps/ThirdPersonExampleMap.umap" TEMPLATE=0 SHOWPROGRESS=1 FEATURELEVEL=3
[2015.06.06-03.05.15:533][  0]LightingResults: New page: Lighting Build
[2015.06.06-03.05.15:551][  0]MapCheck: New page: Map Check
[2015.06.06-03.05.15:552][  0]LightingResults: New page: Lighting Build
[2015.06.06-03.05.15:566][  0]LogParticles: Destroying 0 GPU particle simulations for FXSystem 0x00000062C0A0DF80
[2015.06.06-03.05.16:200][  0]LogEditorServer: Finished looking for orphan Actors (0.000 secs)
[2015.06.06-03.05.17:573][  0]LogAIModule: Creating AISystem for world ThirdPersonExampleMap
[2015.06.06-03.05.17:575][  0]Cmd: MAP CHECKDEP
[2015.06.06-03.05.17:575][  0]MapCheck: New page: ThirdPersonExampleMap - Jun 5, 2015, 1:05:17 PM
[2015.06.06-03.05.17:704][  0]MapCheck: Info Map check complete: 0 Error(s), 0 Warning(s), took 129.297ms to complete.
[2015.06.06-03.05.17:705][  0]LogFileHelpers: Loading map 'ThirdPersonExampleMap' took 2.173
[2015.06.06-03.05.17:939][  0]LogCollectionManager: Loaded 0 collections in 0.003188 seconds
[2015.06.06-03.05.17:968][  0]LogContentBrowser: Native class hierarchy populated in 0.0284 seconds. Added 1698 classes and 263 folders.
[2015.06.06-03.05.18:087][  0]LogContentBrowser: Native class hierarchy updated for 'SceneOutliner' in 0.0108 seconds. Added 1 classes and 2 folders.
[2015.06.06-03.05.18:210][  0]LogCrashTracker: Crashtracker disabled due to settings.
[2015.06.06-03.05.18:212][  0]LogSlate:Warning: Failed to load font data from 'Veranda'
[2015.06.06-03.05.18:227][  0]LogUObjectGlobals:Warning: Failed to find object 'Class None.'
[2015.06.06-03.05.18:280][  0]LogLoad: Full Startup: 34.21 seconds (BP compile: 0.19 seconds)
[2015.06.06-03.05.18:329][  0]LogContentBrowser:Verbose: The content browser source was changed by the sources view to '/Game/ThirdPerson'
[2015.06.06-03.05.18:578][  0]LogRenderer:Warning: Reallocating scene render targets to support 1208x576 (Frame:2).
[2015.06.06-03.05.19:899][  8]LogAssetRegistry: Asset discovery search completed in 7.1759 seconds
[2015.06.06-03.05.31:564][507]Cmd: QUIT_EDITOR
[2015.06.06-03.05.31:878][507]LogExit: Preparing to exit.
[2015.06.06-03.05.32:445][507]LogExit: Editor shut down
[2015.06.06-03.05.32:446][507]LogExit: Transaction tracking system shut down
[2015.06.06-03.05.32:447][507]LogParticles: Destroying 0 GPU particle simulations for FXSystem 0x00000062C6841620
[2015.06.06-03.05.32:448][507]LogParticles: Destroying 0 GPU particle simulations for FXSystem 0x00000062C6B27420
[2015.06.06-03.05.32:573][507]LogExit: Object subsystem successfully closed.
[2015.06.06-03.05.32:643][507]LogModuleManager: Shutting down and abandoning module CrashTracker (178)
[2015.06.06-03.05.32:644][507]LogModuleManager: Shutting down and abandoning module SuperSearch (177)
[2015.06.06-03.05.32:645][507]LogModuleManager: Shutting down and abandoning module SceneOutliner (176)
[2015.06.06-03.05.32:645][507]LogModuleManager: Shutting down and abandoning module EditorWidgets (175)
[2015.06.06-03.05.32:645][507]LogModuleManager: Shutting down and abandoning module CollectionManager (174)
[2015.06.06-03.05.32:646][507]LogModuleManager: Shutting down and abandoning module StatsViewer (173)
[2015.06.06-03.05.32:646][507]LogModuleManager: Shutting down and abandoning module FoliageEdit (172)
[2015.06.06-03.05.32:647][507]LogModuleManager: Shutting down and abandoning module LandscapeEditor (171)
[2015.06.06-03.05.32:647][507]LogModuleManager: Shutting down and abandoning module MeshPaint (170)
[2015.06.06-03.05.32:647][507]LogModuleManager: Shutting down and abandoning module ActorPickerMode (169)
[2015.06.06-03.05.32:648][507]LogModuleManager: Shutting down and abandoning module GeometryMode (168)
[2015.06.06-03.05.32:648][507]LogModuleManager: Shutting down and abandoning module TextureAlignMode (167)
[2015.06.06-03.05.32:648][507]LogModuleManager: Shutting down and abandoning module BspMode (166)
[2015.06.06-03.05.32:648][507]LogModuleManager: Shutting down and abandoning module PlacementMode (165)
[2015.06.06-03.05.32:649][507]LogModuleManager: Shutting down and abandoning module AutomationWorker (164)
[2015.06.06-03.05.32:649][507]LogModuleManager: Shutting down and abandoning module CharacterAI (163)
[2015.06.06-03.05.32:649][507]LogModuleManager: Shutting down and abandoning module SmartSnapping (162)
[2015.06.06-03.05.32:649][507]LogModuleManager: Shutting down and abandoning module ViewportSnapping (161)
[2015.06.06-03.05.32:650][507]LogModuleManager: Shutting down and abandoning module LogVisualizer (160)
[2015.06.06-03.05.32:650][507]LogModuleManager: Shutting down and abandoning module GameProjectGeneration (159)
[2015.06.06-03.05.32:650][507]LogModuleManager: Shutting down and abandoning module IntroTutorials (158)
[2015.06.06-03.05.32:651][507]LogModuleManager: Shutting down and abandoning module EditorLiveStreaming (157)
[2015.06.06-03.05.32:651][507]LogModuleManager: Shutting down and abandoning module HardwareTargeting (156)
[2015.06.06-03.05.32:651][507]LogModuleManager: Shutting down and abandoning module DeviceProfileEditor (155)
[2015.06.06-03.05.32:652][507]LogModuleManager: Shutting down and abandoning module UndoHistory (154)
[2015.06.06-03.05.32:652][507]LogModuleManager: Shutting down and abandoning module GameplayTagsEditor (153)
[2015.06.06-03.05.32:652][507]LogModuleManager: Shutting down and abandoning module UserFeedback (152)
[2015.06.06-03.05.32:652][507]LogModuleManager: Shutting down and abandoning module XmlParser (151)
[2015.06.06-03.05.32:653][507]LogModuleManager: Shutting down and abandoning module Blutility (150)
[2015.06.06-03.05.32:653][507]LogModuleManager: Shutting down and abandoning module IOSPlatformEditor (149)
[2015.06.06-03.05.32:653][507]LogModuleManager: Shutting down and abandoning module IOSRuntimeSettings (148)
[2015.06.06-03.05.32:653][507]LogModuleManager: Shutting down and abandoning module AndroidDeviceDetection (147)
[2015.06.06-03.05.32:913][507]LogModuleManager: Shutting down and abandoning module AndroidPlatformEditor (146)
[2015.06.06-03.05.32:913][507]LogModuleManager: Shutting down and abandoning module AndroidRuntimeSettings (145)
[2015.06.06-03.05.32:914][507]LogModuleManager: Shutting down and abandoning module ProjectTargetPlatformEditor (144)
[2015.06.06-03.05.32:915][507]LogModuleManager: Shutting down and abandoning module ProjectSettingsViewer (143)
[2015.06.06-03.05.32:915][507]LogModuleManager: Shutting down and abandoning module InputBindingEditor (142)
[2015.06.06-03.05.32:916][507]LogModuleManager: Shutting down and abandoning module EditorSettingsViewer (141)
[2015.06.06-03.05.32:916][507]LogModuleManager: Shutting down and abandoning module SettingsEditor (140)
[2015.06.06-03.05.32:917][507]LogModuleManager: Shutting down and abandoning module ProjectLauncher (139)
[2015.06.06-03.05.32:917][507]LogModuleManager: Shutting down and abandoning module SessionFrontend (138)
[2015.06.06-03.05.32:917][507]LogModuleManager: Shutting down and abandoning module ProfilerClient (137)
[2015.06.06-03.05.32:918][507]LogModuleManager: Shutting down and abandoning module TargetDeviceServices (136)
[2015.06.06-03.05.32:918][507]LogModuleManager: Shutting down and abandoning module DeviceManager (135)
[2015.06.06-03.05.32:918][507]LogModuleManager: Shutting down and abandoning module AutomationController (134)
[2015.06.06-03.05.32:918][507]LogModuleManager: Shutting down and abandoning module AutomationWindow (133)
[2015.06.06-03.05.32:919][507]LogModuleManager: Shutting down and abandoning module Layers (132)
[2015.06.06-03.05.32:919][507]LogModuleManager: Shutting down and abandoning module ComponentVisualizers (131)
[2015.06.06-03.05.32:919][507]LogModuleManager: Shutting down and abandoning module DetailCustomizations (130)
[2015.06.06-03.05.32:920][507]LogModuleManager: Shutting down and abandoning module PackagesDialog (129)
[2015.06.06-03.05.32:920][507]LogModuleManager: Shutting down and abandoning module AssetRegistry (128)
[2015.06.06-03.05.32:986][507]LogModuleManager: Shutting down and abandoning module Persona (127)
[2015.06.06-03.05.32:987][507]LogModuleManager: Shutting down and abandoning module SlateReflector (126)
[2015.06.06-03.05.32:988][507]LogModuleManager: Shutting down and abandoning module LevelEditor (125)
[2015.06.06-03.05.32:989][507]LogModuleManager: Shutting down and abandoning module Kismet (124)
[2015.06.06-03.05.32:990][507]LogModuleManager: Shutting down and abandoning module GraphEditor (123)
[2015.06.06-03.05.32:990][507]LogModuleManager: Shutting down and abandoning module ClassViewer (122)
[2015.06.06-03.05.32:990][507]LogModuleManager: Shutting down and abandoning module Toolbox (121)
[2015.06.06-03.05.32:991][507]LogModuleManager: Shutting down and abandoning module ModuleUI (120)
[2015.06.06-03.05.32:991][507]LogModuleManager: Shutting down and abandoning module MovieSceneTools (119)
[2015.06.06-03.05.32:992][507]LogModuleManager: Shutting down and abandoning module OutputLog (118)
[2015.06.06-03.05.32:992][507]LogModuleManager: Shutting down and abandoning module GammaUI (117)
[2015.06.06-03.05.32:992][507]LogModuleManager: Shutting down and abandoning module Documentation (116)
[2015.06.06-03.05.32:993][507]LogModuleManager: Shutting down and abandoning module GameLiveStreaming (115)
[2015.06.06-03.05.32:993][507]LogModuleManager: Shutting down and abandoning module StreamingPauseRendering (114)
[2015.06.06-03.05.32:993][507]LogModuleManager: Shutting down and abandoning module HTTP (113)
[2015.06.06-03.05.32:994][507]LogModuleManager: Shutting down and abandoning module AnalyticsET (112)
[2015.06.06-03.05.32:994][507]LogModuleManager: Shutting down and abandoning module Analytics (111)
[2015.06.06-03.05.32:994][507]LogModuleManager: Shutting down and abandoning module AITestSuite (110)
[2015.06.06-03.05.32:994][507]LogModuleManager: Shutting down and abandoning module GameplayDebugger (109)
[2015.06.06-03.05.32:995][507]LogModuleManager: Shutting down and abandoning module AIModule (108)
[2015.06.06-03.05.32:995][507]LogModuleManager: Shutting down and abandoning module ProfilerService (107)
[2015.06.06-03.05.33:070][507]LogModuleManager: Shutting down and abandoning module TaskGraph (106)
[2015.06.06-03.05.33:070][507]LogModuleManager: Shutting down and abandoning module SlateRemote (105)
[2015.06.06-03.05.33:071][507]LogModuleManager: Shutting down and abandoning module ScriptEditorPlugin (104)
[2015.06.06-03.05.33:071][507]LogModuleManager: Shutting down and abandoning module CustomMeshComponent (103)
[2015.06.06-03.05.33:072][507]LogModuleManager: Shutting down and abandoning module CableComponent (102)
[2015.06.06-03.05.33:072][507]LogModuleManager: Shutting down and abandoning module MessagingDebugger (101)
[2015.06.06-03.05.33:072][507]LogModuleManager: Shutting down and abandoning module MediaPlayerEditor (100)
[2015.06.06-03.05.33:073][507]LogModuleManager: Shutting down and abandoning module SpeedTreeImporter (99)
[2015.06.06-03.05.33:073][507]LogModuleManager: Shutting down and abandoning module PluginsEditor (98)
[2015.06.06-03.05.33:073][507]LogModuleManager: Shutting down and abandoning module MainFrame (97)
[2015.06.06-03.05.33:073][507]LogModuleManager: Shutting down and abandoning module EpicSurvey (96)
[2015.06.06-03.05.33:074][507]LogModuleManager: Shutting down and abandoning module DesktopPlatform (95)
[2015.06.06-03.05.33:074][507]LogModuleManager: Shutting down and abandoning module DirectoryWatcher (94)
[2015.06.06-03.05.33:075][507]LogModuleManager: Shutting down and abandoning module HotReload (93)
[2015.06.06-03.05.33:075][507]LogModuleManager: Shutting down and abandoning module VisualStudioSourceCodeAccess (92)
[2015.06.06-03.05.33:075][507]LogModuleManager: Shutting down and abandoning module UObjectPlugin (91)
[2015.06.06-03.05.33:076][507]LogModuleManager: Shutting down and abandoning module SubversionSourceControl (90)
[2015.06.06-03.05.33:076][507]LogModuleManager: Shutting down and abandoning module PerforceSourceControl (89)
[2015.06.06-03.05.33:076][507]LogModuleManager: Shutting down and abandoning module SourceControl (88)
[2015.06.06-03.05.33:076][507]LogModuleManager: Shutting down and abandoning module GitSourceControl (87)
[2015.06.06-03.05.33:077][507]LogModuleManager: Shutting down and abandoning module BlankPlugin (86)
[2015.06.06-03.05.33:077][507]LogModuleManager: Shutting down and abandoning module PaperTiledImporter (85)
[2015.06.06-03.05.33:077][507]LogModuleManager: Shutting down and abandoning module PaperJsonImporter (84)
[2015.06.06-03.05.33:077][507]LogModuleManager: Shutting down and abandoning module ContentBrowser (83)
[2015.06.06-03.05.33:078][507]LogModuleManager: Shutting down and abandoning module Paper2DEditor (82)
[2015.06.06-03.05.33:079][507]LogModuleManager: Shutting down and abandoning module TutorialCode (81)
[2015.06.06-03.05.33:079][507]LogModuleManager: Shutting down and abandoning module ScriptPlugin (80)
[2015.06.06-03.05.33:079][507]LogModuleManager: Shutting down and abandoning module UdpMessaging (79)
[2015.06.06-03.05.33:180][507]LogModuleManager: Shutting down and abandoning module Paper2D (78)
[2015.06.06-03.05.33:180][507]LogModuleManager: Shutting down and abandoning module WindowsMoviePlayer (77)
[2015.06.06-03.05.33:183][507]LogModuleManager: Shutting down and abandoning module Media (76)
[2015.06.06-03.05.33:184][507]LogModuleManager: Shutting down and abandoning module WmfMedia (75)
[2015.06.06-03.05.33:185][507]LogModuleManager: Shutting down and abandoning module OnlineBlueprintSupport (74)
[2015.06.06-03.05.33:185][507]LogModuleManager: Shutting down and abandoning module PropertyEditor (73)
[2015.06.06-03.05.33:186][507]LogModuleManager: Shutting down and abandoning module BehaviorTreeEditor (72)
[2015.06.06-03.05.33:187][507]LogModuleManager: Shutting down and abandoning module FunctionalTesting (71)
[2015.06.06-03.05.33:187][507]LogModuleManager: Shutting down and abandoning module CollisionAnalyzer (70)
[2015.06.06-03.05.33:187][507]LogModuleManager: Shutting down and abandoning module WorkspaceMenuStructure (69)
[2015.06.06-03.05.33:188][507]LogModuleManager: Shutting down and abandoning module MessageLog (68)
[2015.06.06-03.05.33:188][507]LogModuleManager: Shutting down and abandoning module Sequencer (67)
[2015.06.06-03.05.33:188][507]LogModuleManager: Shutting down and abandoning module AssetTools (66)
[2015.06.06-03.05.33:189][507]LogModuleManager: Shutting down and abandoning module UMGEditor (65)
[2015.06.06-03.05.33:189][507]LogModuleManager: Shutting down and abandoning module UMG (64)
[2015.06.06-03.05.33:189][507]LogModuleManager: Shutting down and abandoning module Slate (63)
[2015.06.06-03.05.33:189][507]LogModuleManager: Shutting down and abandoning module EditorStyle (62)
[2015.06.06-03.05.33:195][507]LogModuleManager: Shutting down and abandoning module SessionServices (61)
[2015.06.06-03.05.33:195][507]LogModuleManager: Shutting down and abandoning module SourceCodeAccess (60)
[2015.06.06-03.05.33:196][507]LogModuleManager: Shutting down and abandoning module HeadMountedDisplay (59)
[2015.06.06-03.05.33:196][507]LogModuleManager: Shutting down and abandoning module XAudio2 (58)
[2015.06.06-03.05.33:197][507]LogModuleManager: Shutting down and abandoning module Networking (56)
[2015.06.06-03.05.33:197][507]LogModuleManager: Shutting down and abandoning module Core (55)
[2015.06.06-03.05.33:198][507]LogModuleManager: Shutting down and abandoning module KismetCompiler (54)
[2015.06.06-03.05.33:198][507]LogModuleManager: Shutting down and abandoning module PhysXFormats (53)
[2015.06.06-03.05.33:198][507]LogModuleManager: Shutting down and abandoning module MeshUtilities (52)
[2015.06.06-03.05.33:198][507]LogModuleManager: Shutting down and abandoning module DerivedDataCache (51)
[2015.06.06-03.05.33:410][507]LogDerivedDataCache: Shutdown
[2015.06.06-03.05.33:411][507]LogModuleManager: Shutting down and abandoning module ShaderFormatOpenGL (50)
[2015.06.06-03.05.33:411][507]LogModuleManager: Shutting down and abandoning module ShaderFormatD3D (49)
[2015.06.06-03.05.33:412][507]LogModuleManager: Shutting down and abandoning module MetalShaderFormat (48)
[2015.06.06-03.05.33:412][507]LogModuleManager: Shutting down and abandoning module TextureFormatUncompressed (47)
[2015.06.06-03.05.33:413][507]LogModuleManager: Shutting down and abandoning module TextureFormatPVR (46)
[2015.06.06-03.05.33:413][507]LogModuleManager: Shutting down and abandoning module TextureFormatIntelISPCTexComp (45)
[2015.06.06-03.05.33:413][507]LogModuleManager: Shutting down and abandoning module TextureFormatDXT (44)
[2015.06.06-03.05.33:414][507]LogModuleManager: Shutting down and abandoning module ImageWrapper (43)
[2015.06.06-03.05.33:414][507]LogModuleManager: Shutting down and abandoning module TextureFormatASTC (42)
[2015.06.06-03.05.33:414][507]LogModuleManager: Shutting down and abandoning module TextureFormatAndroid (41)
[2015.06.06-03.05.33:414][507]LogModuleManager: Shutting down and abandoning module AudioFormatOpus (40)
[2015.06.06-03.05.33:415][507]LogModuleManager: Shutting down and abandoning module AudioFormatOgg (39)
[2015.06.06-03.05.33:415][507]LogModuleManager: Shutting down and abandoning module AudioFormatADPCM (38)
[2015.06.06-03.05.33:415][507]LogModuleManager: Shutting down and abandoning module LinuxTargetPlatform (37)
[2015.06.06-03.05.33:416][507]LogModuleManager: Shutting down and abandoning module LinuxServerTargetPlatform (36)
[2015.06.06-03.05.33:416][507]LogModuleManager: Shutting down and abandoning module LinuxNoEditorTargetPlatform (35)
[2015.06.06-03.05.33:416][507]LogModuleManager: Shutting down and abandoning module Messaging (34)
[2015.06.06-03.05.33:416][507]LogModuleManager: Shutting down and abandoning module IOSTargetPlatform (33)
[2015.06.06-03.05.33:417][507]LogModuleManager: Shutting down and abandoning module HTML5TargetPlatform (32)
[2015.06.06-03.05.33:417][507]LogModuleManager: Shutting down and abandoning module Android_PVRTCTargetPlatform (31)
[2015.06.06-03.05.33:417][507]LogModuleManager: Shutting down and abandoning module Android_ETC2TargetPlatform (30)
[2015.06.06-03.05.33:417][507]LogModuleManager: Shutting down and abandoning module Android_ETC1TargetPlatform (29)
[2015.06.06-03.05.33:418][507]LogModuleManager: Shutting down and abandoning module Android_ES31TargetPlatform (28)
[2015.06.06-03.05.33:418][507]LogModuleManager: Shutting down and abandoning module Android_DXTTargetPlatform (27)
[2015.06.06-03.05.33:418][507]LogModuleManager: Shutting down and abandoning module Android_ATCTargetPlatform (26)
[2015.06.06-03.05.33:418][507]LogModuleManager: Shutting down and abandoning module AndroidTargetPlatform (25)
[2015.06.06-03.05.33:419][507]LogModuleManager: Shutting down and abandoning module WindowsTargetPlatform (24)
[2015.06.06-03.05.33:419][507]LogModuleManager: Shutting down and abandoning module WindowsServerTargetPlatform (23)
[2015.06.06-03.05.33:419][507]LogModuleManager: Shutting down and abandoning module WindowsNoEditorTargetPlatform (22)
[2015.06.06-03.05.33:419][507]LogModuleManager: Shutting down and abandoning module WindowsClientTargetPlatform (21)
[2015.06.06-03.05.33:420][507]LogModuleManager: Shutting down and abandoning module TargetPlatform (20)
[2015.06.06-03.05.33:420][507]LogModuleManager: Shutting down and abandoning module InputCore (19)
[2015.06.06-03.05.33:420][507]LogModuleManager: Shutting down and abandoning module Settings (18)
[2015.06.06-03.05.33:421][507]LogModuleManager: Shutting down and abandoning module OnlineSubsystem (16)
[2015.06.06-03.05.33:421][507]LogModuleManager: Shutting down and abandoning module OculusRift (15)
[2015.06.06-03.05.33:421][507]LogModuleManager: Shutting down and abandoning module ExampleDeviceProfileSelector (14)
[2015.06.06-03.05.33:421][507]LogModuleManager: Shutting down and abandoning module TextureCompressor (13)
[2015.06.06-03.05.33:422][507]LogModuleManager: Shutting down and abandoning module ShaderCore (12)
[2015.06.06-03.05.33:422][507]LogModuleManager: Shutting down and abandoning module Landscape (11)
[2015.06.06-03.05.33:423][507]LogModuleManager: Shutting down and abandoning module SlateRHIRenderer (10)
[2015.06.06-03.05.33:424][507]LogModuleManager: Shutting down and abandoning module OpenGLDrv (9)
[2015.06.06-03.05.33:424][507]LogModuleManager: Shutting down and abandoning module D3D11RHI (8)
[2015.06.06-03.05.33:424][507]LogModuleManager: Shutting down and abandoning module Renderer (7)
[2015.06.06-03.05.33:425][507]LogModuleManager: Shutting down and abandoning module Engine (6)
[2015.06.06-03.05.33:425][507]LogModuleManager: Shutting down and abandoning module CoreUObject (5)
[2015.06.06-03.05.33:425][507]LogModuleManager: Shutting down and abandoning module NetworkFile (4)
[2015.06.06-03.05.33:425][507]LogModuleManager: Shutting down and abandoning module StreamingFile (3)
[2015.06.06-03.05.33:426][507]LogModuleManager: Shutting down and abandoning module SandboxFile (2)
[2015.06.06-03.05.33:426][507]LogModuleManager: Shutting down and abandoning module PakFile (1)
[2015.06.06-03.05.33:429][507]LogExit: Exiting.
[2015.06.06-03.05.33:452][507]Log file closed, 06/05/15 20:05:33
